2025-12-02 21:29:50 - baostock_data_fetcher - INFO - 配置加载完成: 股票代码文件路径=D:\stock_data\stock_code.csv, 数据库路径=D:\stock_data\stock_data.db
2025-12-02 21:29:50 - baostock_data_fetcher - INFO - BaoStock登录成功
2025-12-02 21:29:50 - baostock_data_fetcher - INFO - 开始获取股票列表
2025-12-02 21:29:58 - baostock_data_fetcher - INFO - 股票列表已保存到 D:\stock_data\stock_code.csv
2025-12-02 21:30:17 - baostock_data_fetcher - INFO - 获取到 7151 只股票信息
2025-12-02 21:30:17 - baostock_data_fetcher - INFO - 获取到 7151 只股票信息
2025-12-02 21:30:17 - baostock_data_fetcher - INFO - 前五只股票为：[['sh.000001', '上证综合指数', '1991-07-15', '', '2', '1'], ['sh.000002', '上证A股指数', '1992-02-21', '', '2', '1'], ['sh.000003', '上证B股指数', '1992-08-17', '', '2', '1'], ['sh.000004', '上证工业类指数', '1993-05-03', '', '2', '1'], ['sh.000005', '上证商业类指数', '1993-05-03', '', '2', '1']]
2025-12-02 21:30:17 - baostock_data_fetcher - INFO - 开始获取股票 sz.300662 从 2025-11-01 到 2025-11-30 的历史数据
2025-12-02 21:30:17 - baostock_data_fetcher - INFO - 获取到股票 sz.300662 的 20 条历史数据
2025-12-02 21:30:17 - baostock_data_fetcher - INFO - 获取到股票 sz.300662 的 20 条历史数据
2025-12-02 21:30:17 - baostock_data_fetcher - INFO - 已退出程序
2025-12-02 21:30:31 - baostock_data_fetcher - INFO - 配置加载完成: 股票代码文件路径=D:\stock_data\stock_code.csv, 数据库路径=D:\stock_data\stock_data.db
2025-12-02 21:30:33 - baostock_data_fetcher - INFO - BaoStock登录成功
2025-12-02 21:30:33 - baostock_data_fetcher - INFO - 开始获取股票列表
2025-12-02 21:30:48 - baostock_data_fetcher - INFO - 股票列表已保存到 D:\stock_data\stock_code.csv
2025-12-02 21:31:04 - baostock_data_fetcher - INFO - 配置加载完成: 股票代码文件路径=D:\stock_data\stock_code.csv, 数据库路径=D:\stock_data\stock_data.db
2025-12-02 21:31:07 - baostock_data_fetcher - INFO - BaoStock登录成功
2025-12-02 21:31:07 - baostock_data_fetcher - INFO - 开始获取股票列表
2025-12-02 21:31:12 - baostock_data_fetcher - INFO - 获取到 7151 只股票信息
2025-12-02 21:31:12 - baostock_data_fetcher - INFO - 获取到 7151 只股票信息
2025-12-02 21:31:12 - baostock_data_fetcher - INFO - 前五只股票为：[['sh.000001', '上证综合指数', '1991-07-15', '', '2', '1'], ['sh.000002', '上证A股指数', '1992-02-21', '', '2', '1'], ['sh.000003', '上证B股指数', '1992-08-17', '', '2', '1'], ['sh.000004', '上证工业类指数', '1993-05-03', '', '2', '1'], ['sh.000005', '上证商业类指数', '1993-05-03', '', '2', '1']]
2025-12-02 21:31:12 - baostock_data_fetcher - INFO - 开始获取股票 sz.300662 从 2025-11-01 到 2025-11-30 的历史数据
2025-12-02 21:31:12 - baostock_data_fetcher - INFO - 获取到股票 sz.300662 的 20 条历史数据
2025-12-02 21:31:12 - baostock_data_fetcher - INFO - 获取到股票 sz.300662 的 20 条历史数据
2025-12-02 21:31:12 - baostock_data_fetcher - INFO - 已退出程序
2025-12-02 21:31:26 - baostock_data_fetcher - INFO - 股票列表已保存到 D:\stock_data\stock_code.csv
2025-12-02 21:31:49 - baostock_data_fetcher - INFO - 获取到 7151 只股票信息
2025-12-02 21:31:49 - baostock_data_fetcher - INFO - 获取到 7151 只股票信息
2025-12-02 21:31:49 - baostock_data_fetcher - INFO - 前五只股票为：[['sh.000001', '上证综合指数', '1991-07-15', '', '2', '1'], ['sh.000002', '上证A股指数', '1992-02-21', '', '2', '1'], ['sh.000003', '上证B股指数', '1992-08-17', '', '2', '1'], ['sh.000004', '上证工业类指数', '1993-05-03', '', '2', '1'], ['sh.000005', '上证商业类指数', '1993-05-03', '', '2', '1']]
2025-12-02 21:31:49 - baostock_data_fetcher - INFO - 开始获取股票 sz.300662 从 2025-11-01 到 2025-11-30 的历史数据
2025-12-02 21:31:49 - baostock_data_fetcher - INFO - 获取到股票 sz.300662 的 20 条历史数据
2025-12-02 21:31:49 - baostock_data_fetcher - INFO - 获取到股票 sz.300662 的 20 条历史数据
2025-12-02 21:31:49 - baostock_data_fetcher - INFO - 已退出程序
2025-12-02 22:17:37 - baostock_data_fetcher - INFO - 配置加载完成: 股票代码文件路径=D:\stock_data\stock_code.csv, 数据库路径=D:\stock_data\stock_data.db
2025-12-02 22:17:38 - baostock_data_fetcher - INFO - BaoStock登录成功
2025-12-02 22:17:38 - baostock_data_fetcher - INFO - 开始获取股票列表
2025-12-02 22:17:53 - baostock_data_fetcher - INFO - 股票列表已保存到 D:\stock_data\stock_code.csv
2025-12-02 22:18:04 - baostock_data_fetcher - INFO - 获取到 7151 只股票信息
2025-12-02 22:18:04 - baostock_data_fetcher - INFO - 获取到 7151 只股票信息
2025-12-02 22:18:04 - baostock_data_fetcher - INFO - 前五只股票为：[['sh.000001', '上证综合指数', '1991-07-15', '', '2', '1'], ['sh.000002', '上证A股指数', '1992-02-21', '', '2', '1'], ['sh.000003', '上证B股指数', '1992-08-17', '', '2', '1'], ['sh.000004', '上证工业类指数', '1993-05-03', '', '2', '1'], ['sh.000005', '上证商业类指数', '1993-05-03', '', '2', '1']]
2025-12-02 22:18:04 - baostock_data_fetcher - INFO - 开始获取股票 sz.300662 从 2025-11-01 到 2025-11-30 的历史数据
2025-12-02 22:18:04 - baostock_data_fetcher - INFO - 获取到股票 sz.300662 的 20 条历史数据
2025-12-02 22:18:04 - baostock_data_fetcher - INFO - 获取到股票 sz.300662 的 20 条历史数据
2025-12-02 22:18:04 - baostock_data_fetcher - INFO - 准备将股票 sz.300662 的数据保存到数据库: D:\stock_data\stock_data.db
2025-12-02 22:18:04 - db_module - INFO - 创建数据库连接成功: D:\stock_data\stock_data.db
2025-12-02 22:18:04 - db_module - INFO - 创建数据库连接成功: D:\stock_data\stock_data.db
2025-12-02 22:18:04 - db_module - INFO - 创建数据库连接成功: D:\stock_data\stock_data.db
2025-12-02 22:18:04 - db_module - INFO - 创建数据库连接成功: D:\stock_data\stock_data.db
2025-12-02 22:18:04 - db_module - INFO - 创建数据库连接成功: D:\stock_data\stock_data.db
2025-12-02 22:18:04 - baostock_data_fetcher - INFO - 创建股票数据表成功
2025-12-02 22:18:04 - baostock_data_fetcher - INFO - 成功将股票 sz.300662 的 20 条数据保存到数据库
2025-12-02 22:18:04 - db_module - INFO - 关闭数据库连接
2025-12-02 22:18:04 - db_module - INFO - 关闭数据库连接
2025-12-02 22:18:04 - db_module - INFO - 关闭数据库连接
2025-12-02 22:18:04 - db_module - INFO - 关闭数据库连接
2025-12-02 22:18:04 - db_module - INFO - 关闭数据库连接
2025-12-02 22:18:04 - baostock_data_fetcher - INFO - 已退出程序
2025-12-02 22:18:19 - baostock_data_fetcher - INFO - 配置加载完成: 股票代码文件路径=D:\stock_data\stock_code.csv, 数据库路径=D:\stock_data\stock_data.db
2025-12-02 22:18:20 - baostock_data_fetcher - INFO - BaoStock登录成功
2025-12-02 22:18:20 - baostock_data_fetcher - INFO - 开始获取股票列表
2025-12-02 22:18:29 - baostock_data_fetcher - INFO - 股票列表已保存到 D:\stock_data\stock_code.csv
2025-12-02 22:18:41 - baostock_data_fetcher - INFO - 获取到 7151 只股票信息
2025-12-02 22:18:41 - baostock_data_fetcher - INFO - 获取到 7151 只股票信息
2025-12-02 22:18:41 - baostock_data_fetcher - INFO - 前五只股票为：[['sh.000001', '上证综合指数', '1991-07-15', '', '2', '1'], ['sh.000002', '上证A股指数', '1992-02-21', '', '2', '1'], ['sh.000003', '上证B股指数', '1992-08-17', '', '2', '1'], ['sh.000004', '上证工业类指数', '1993-05-03', '', '2', '1'], ['sh.000005', '上证商业类指数', '1993-05-03', '', '2', '1']]
2025-12-02 22:18:41 - baostock_data_fetcher - INFO - 开始获取股票 sz.300662 从 2025-11-01 到 2025-11-30 的历史数据
2025-12-02 22:18:42 - baostock_data_fetcher - INFO - 获取到股票 sz.300662 的 20 条历史数据
2025-12-02 22:18:42 - baostock_data_fetcher - INFO - 获取到股票 sz.300662 的 20 条历史数据
2025-12-02 22:18:42 - baostock_data_fetcher - INFO - 准备将股票 sz.300662 的数据保存到数据库: D:\stock_data\stock_data.db
2025-12-02 22:18:42 - db_module - INFO - 创建数据库连接成功: D:\stock_data\stock_data.db
2025-12-02 22:18:42 - db_module - INFO - 创建数据库连接成功: D:\stock_data\stock_data.db
2025-12-02 22:18:42 - db_module - INFO - 创建数据库连接成功: D:\stock_data\stock_data.db
2025-12-02 22:18:42 - db_module - INFO - 创建数据库连接成功: D:\stock_data\stock_data.db
2025-12-02 22:18:42 - db_module - INFO - 创建数据库连接成功: D:\stock_data\stock_data.db
2025-12-02 22:18:42 - baostock_data_fetcher - INFO - 创建股票数据表成功
2025-12-02 22:18:42 - db_module - ERROR - 执行SQL失败: INSERT INTO stock_data (code, date, open, high, low, close, preclose, volume, amount, adjustflag, turn, tradestatus, pctChg, isST) VALUES (?, ?, ?, ?, ?, ?, ?, ?, ?, ?, ?, ?, ?, ?), 参数: ('sz.300662', '2025-11-03', 29.45, 29.86, 28.97, 29.12, 29.45, 7706624, 226824734.06, 3, 3.9263, 1, -1.1205, 0), 错误: UNIQUE constraint failed: stock_data.code, stock_data.date
2025-12-02 22:18:42 - db_module - ERROR - 执行SQL失败: INSERT INTO stock_data (code, date, open, high, low, close, preclose, volume, amount, adjustflag, turn, tradestatus, pctChg, isST) VALUES (?, ?, ?, ?, ?, ?, ?, ?, ?, ?, ?, ?, ?, ?), 参数: ('sz.300662', '2025-11-04', 29.08, 29.31, 28.05, 28.46, 29.12, 5665270, 161764595.42, 3, 2.8863, 1, -2.2665, 0), 错误: UNIQUE constraint failed: stock_data.code, stock_data.date
2025-12-02 22:18:42 - db_module - ERROR - 执行SQL失败: INSERT INTO stock_data (code, date, open, high, low, close, preclose, volume, amount, adjustflag, turn, tradestatus, pctChg, isST) VALUES (?, ?, ?, ?, ?, ?, ?, ?, ?, ?, ?, ?, ?, ?), 参数: ('sz.300662', '2025-11-05', 28.2, 28.51, 28.01, 28.24, 28.46, 3997053, 112961191.59, 3, 2.0364, 1, -0.773, 0), 错误: UNIQUE constraint failed: stock_data.code, stock_data.date
2025-12-02 22:18:42 - db_module - ERROR - 执行SQL失败: INSERT INTO stock_data (code, date, open, high, low, close, preclose, volume, amount, adjustflag, turn, tradestatus, pctChg, isST) VALUES (?, ?, ?, ?, ?, ?, ?, ?, ?, ?, ?, ?, ?, ?), 参数: ('sz.300662', '2025-11-06', 28.14, 28.51, 27.98, 28.16, 28.24, 3923854, 110564162.76, 3, 1.9991, 1, -0.2833, 0), 错误: UNIQUE constraint failed: stock_data.code, stock_data.date
2025-12-02 22:18:42 - db_module - ERROR - 执行SQL失败: INSERT INTO stock_data (code, date, open, high, low, close, preclose, volume, amount, adjustflag, turn, tradestatus, pctChg, isST) VALUES (?, ?, ?, ?, ?, ?, ?, ?, ?, ?, ?, ?, ?, ?), 参数: ('sz.300662', '2025-11-07', 27.81, 28.95, 27.12, 28.32, 28.16, 8165752, 228983468.88, 3, 4.1602, 1, 0.5682, 0), 错误: UNIQUE constraint failed: stock_data.code, stock_data.date
2025-12-02 22:18:42 - db_module - ERROR - 执行SQL失败: INSERT INTO stock_data (code, date, open, high, low, close, preclose, volume, amount, adjustflag, turn, tradestatus, pctChg, isST) VALUES (?, ?, ?, ?, ?, ?, ?, ?, ?, ?, ?, ?, ?, ?), 参数: ('sz.300662', '2025-11-10', 28.2, 29.47, 28.06, 29.04, 28.32, 6285000, 181287663.0, 3, 3.202, 1, 2.5424, 0), 错误: UNIQUE constraint failed: stock_data.code, stock_data.date
2025-12-02 22:18:42 - db_module - ERROR - 执行SQL失败: INSERT INTO stock_data (code, date, open, high, low, close, preclose, volume, amount, adjustflag, turn, tradestatus, pctChg, isST) VALUES (?, ?, ?, ?, ?, ?, ?, ?, ?, ?, ?, ?, ?, ?), 参数: ('sz.300662', '2025-11-11', 29.05, 30.1, 28.83, 29.06, 29.04, 4743999, 139195084.9, 3, 2.4169, 1, 0.0689, 0), 错误: UNIQUE constraint failed: stock_data.code, stock_data.date
2025-12-02 22:18:42 - db_module - ERROR - 执行SQL失败: INSERT INTO stock_data (code, date, open, high, low, close, preclose, volume, amount, adjustflag, turn, tradestatus, pctChg, isST) VALUES (?, ?, ?, ?, ?, ?, ?, ?, ?, ?, ?, ?, ?, ?), 参数: ('sz.300662', '2025-11-12', 29.06, 29.45, 28.71, 28.91, 29.06, 3846364, 111795635.2, 3, 1.9596, 1, -0.5162, 0), 错误: UNIQUE constraint failed: stock_data.code, stock_data.date
2025-12-02 22:18:42 - db_module - ERROR - 执行SQL失败: INSERT INTO stock_data (code, date, open, high, low, close, preclose, volume, amount, adjustflag, turn, tradestatus, pctChg, isST) VALUES (?, ?, ?, ?, ?, ?, ?, ?, ?, ?, ?, ?, ?, ?), 参数: ('sz.300662', '2025-11-13', 28.9, 29.2, 28.55, 29.15, 28.91, 2767100, 80081640.0, 3, 1.4097, 1, 0.8302, 0), 错误: UNIQUE constraint failed: stock_data.code, stock_data.date
2025-12-02 22:18:42 - db_module - ERROR - 执行SQL失败: INSERT INTO stock_data (code, date, open, high, low, close, preclose, volume, amount, adjustflag, turn, tradestatus, pctChg, isST) VALUES (?, ?, ?, ?, ?, ?, ?, ?, ?, ?, ?, ?, ?, ?), 参数: ('sz.300662', '2025-11-14', 28.95, 29.19, 28.72, 28.72, 29.15, 2428100, 70151413.0, 3, 1.237, 1, -1.4751, 0), 错误: UNIQUE constraint failed: stock_data.code, stock_data.date
2025-12-02 22:18:42 - db_module - ERROR - 执行SQL失败: INSERT INTO stock_data (code, date, open, high, low, close, preclose, volume, amount, adjustflag, turn, tradestatus, pctChg, isST) VALUES (?, ?, ?, ?, ?, ?, ?, ?, ?, ?, ?, ?, ?, ?), 参数: ('sz.300662', '2025-11-17', 28.73, 29.44, 28.19, 28.94, 28.72, 3664100, 105579451.0, 3, 1.8667, 1, 0.766, 0), 错误: UNIQUE constraint failed: stock_data.code, stock_data.date
2025-12-02 22:18:42 - db_module - ERROR - 执行SQL失败: INSERT INTO stock_data (code, date, open, high, low, close, preclose, volume, amount, adjustflag, turn, tradestatus, pctChg, isST) VALUES (?, ?, ?, ?, ?, ?, ?, ?, ?, ?, ?, ?, ?, ?), 参数: ('sz.300662', '2025-11-18', 28.6, 29.36, 28.51, 28.99, 28.94, 3471800, 100339223.0, 3, 1.7688, 1, 0.1728, 0), 错误: UNIQUE constraint failed: stock_data.code, stock_data.date
2025-12-02 22:18:42 - db_module - ERROR - 执行SQL失败: INSERT INTO stock_data (code, date, open, high, low, close, preclose, volume, amount, adjustflag, turn, tradestatus, pctChg, isST) VALUES (?, ?, ?, ?, ?, ?, ?, ?, ?, ?, ?, ?, ?, ?), 参数: ('sz.300662', '2025-11-19', 28.92, 29.05, 28.0, 28.33, 28.99, 3470464, 98699649.64, 3, 1.7681, 1, -2.2766, 0), 错误: UNIQUE constraint failed: stock_data.code, stock_data.date
2025-12-02 22:18:42 - db_module - ERROR - 执行SQL失败: INSERT INTO stock_data (code, date, open, high, low, close, preclose, volume, amount, adjustflag, turn, tradestatus, pctChg, isST) VALUES (?, ?, ?, ?, ?, ?, ?, ?, ?, ?, ?, ?, ?, ?), 参数: ('sz.300662', '2025-11-20', 28.4, 28.48, 27.61, 27.72, 28.33, 2462500, 68782081.0, 3, 1.2546, 1, -2.1532, 0), 错误: UNIQUE constraint failed: stock_data.code, stock_data.date
2025-12-02 22:18:42 - db_module - ERROR - 执行SQL失败: INSERT INTO stock_data (code, date, open, high, low, close, preclose, volume, amount, adjustflag, turn, tradestatus, pctChg, isST) VALUES (?, ?, ?, ?, ?, ?, ?, ?, ?, ?, ?, ?, ?, ?), 参数: ('sz.300662', '2025-11-21', 27.47, 27.85, 26.29, 26.88, 27.72, 4959300, 133762630.88, 3, 2.5266, 1, -3.0303, 0), 错误: UNIQUE constraint failed: stock_data.code, stock_data.date
2025-12-02 22:18:42 - db_module - ERROR - 执行SQL失败: INSERT INTO stock_data (code, date, open, high, low, close, preclose, volume, amount, adjustflag, turn, tradestatus, pctChg, isST) VALUES (?, ?, ?, ?, ?, ?, ?, ?, ?, ?, ?, ?, ?, ?), 参数: ('sz.300662', '2025-11-24', 26.86, 27.7, 26.78, 27.48, 26.88, 2814007, 76889260.69, 3, 1.4336, 1, 2.2321, 0), 错误: UNIQUE constraint failed: stock_data.code, stock_data.date
2025-12-02 22:18:42 - db_module - ERROR - 执行SQL失败: INSERT INTO stock_data (code, date, open, high, low, close, preclose, volume, amount, adjustflag, turn, tradestatus, pctChg, isST) VALUES (?, ?, ?, ?, ?, ?, ?, ?, ?, ?, ?, ?, ?, ?), 参数: ('sz.300662', '2025-11-25', 27.77, 29.35, 27.77, 28.45, 27.48, 6823899, 196681205.2, 3, 3.4766, 1, 3.5298, 0), 错误: UNIQUE constraint failed: stock_data.code, stock_data.date
2025-12-02 22:18:42 - db_module - ERROR - 执行SQL失败: INSERT INTO stock_data (code, date, open, high, low, close, preclose, volume, amount, adjustflag, turn, tradestatus, pctChg, isST) VALUES (?, ?, ?, ?, ?, ?, ?, ?, ?, ?, ?, ?, ?, ?), 参数: ('sz.300662', '2025-11-26', 28.55, 28.84, 27.55, 27.55, 28.45, 4276842, 120137659.32, 3, 2.1789, 1, -3.1634, 0), 错误: UNIQUE constraint failed: stock_data.code, stock_data.date
2025-12-02 22:18:42 - db_module - ERROR - 执行SQL失败: INSERT INTO stock_data (code, date, open, high, low, close, preclose, volume, amount, adjustflag, turn, tradestatus, pctChg, isST) VALUES (?, ?, ?, ?, ?, ?, ?, ?, ?, ?, ?, ?, ?, ?), 参数: ('sz.300662', '2025-11-27', 27.56, 27.78, 27.24, 27.27, 27.55, 2656200, 73083066.0, 3, 1.3532, 1, -1.0163, 0), 错误: UNIQUE constraint failed: stock_data.code, stock_data.date
2025-12-02 22:18:42 - db_module - ERROR - 执行SQL失败: INSERT INTO stock_data (code, date, open, high, low, close, preclose, volume, amount, adjustflag, turn, tradestatus, pctChg, isST) VALUES (?, ?, ?, ?, ?, ?, ?, ?, ?, ?, ?, ?, ?, ?), 参数: ('sz.300662', '2025-11-28', 27.34, 27.8, 27.0, 27.76, 27.27, 3123000, 85694747.0, 3, 1.5911, 1, 1.7968, 0), 错误: UNIQUE constraint failed: stock_data.code, stock_data.date
2025-12-02 22:18:42 - baostock_data_fetcher - INFO - 成功将股票 sz.300662 的 0 条数据保存到数据库
2025-12-02 22:18:42 - db_module - INFO - 关闭数据库连接
2025-12-02 22:18:42 - db_module - INFO - 关闭数据库连接
2025-12-02 22:18:42 - db_module - INFO - 关闭数据库连接
2025-12-02 22:18:42 - db_module - INFO - 关闭数据库连接
2025-12-02 22:18:42 - db_module - INFO - 关闭数据库连接
2025-12-02 22:18:42 - baostock_data_fetcher - INFO - 已退出程序
2025-12-02 22:53:43 - baostock_data_fetcher - INFO - 配置加载完成: 股票代码文件路径=D:\stock_data\stock_code.csv, 数据库路径=D:\stock_data\stock_data.db
2025-12-02 22:53:44 - baostock_data_fetcher - INFO - BaoStock登录成功
2025-12-02 22:53:44 - baostock_data_fetcher - INFO - 开始获取股票列表
2025-12-02 22:53:54 - baostock_data_fetcher - INFO - 股票列表已保存到 D:\stock_data\stock_code.csv
2025-12-02 22:54:04 - baostock_data_fetcher - INFO - 获取到 7151 只股票信息
2025-12-02 22:54:04 - baostock_data_fetcher - INFO - 获取到 7151 只股票信息
2025-12-02 22:54:04 - baostock_data_fetcher - INFO - 前五只股票为：[['sh.000001', '上证综合指数', '1991-07-15', '', '2', '1'], ['sh.000002', '上证A股指数', '1992-02-21', '', '2', '1'], ['sh.000003', '上证B股指数', '1992-08-17', '', '2', '1'], ['sh.000004', '上证工业类指数', '1993-05-03', '', '2', '1'], ['sh.000005', '上证商业类指数', '1993-05-03', '', '2', '1']]
2025-12-02 22:54:04 - baostock_data_fetcher - INFO - 开始获取股票 sz.300662 从 2025-11-01 到 2025-11-30 的历史数据
2025-12-02 22:54:04 - baostock_data_fetcher - INFO - 获取到股票 sz.300662 的 20 条历史数据
2025-12-02 22:54:04 - baostock_data_fetcher - INFO - 获取到股票 sz.300662 的 20 条历史数据
2025-12-02 22:54:04 - baostock_data_fetcher - INFO - 准备将股票 sz.300662 的数据保存到数据库: D:\stock_data\stock_data.db
2025-12-02 22:54:04 - db_module - INFO - 创建数据库连接成功: D:\stock_data\stock_data.db
2025-12-02 22:54:04 - db_module - INFO - 创建数据库连接成功: D:\stock_data\stock_data.db
2025-12-02 22:54:04 - db_module - INFO - 创建数据库连接成功: D:\stock_data\stock_data.db
2025-12-02 22:54:04 - db_module - INFO - 创建数据库连接成功: D:\stock_data\stock_data.db
2025-12-02 22:54:04 - db_module - INFO - 创建数据库连接成功: D:\stock_data\stock_data.db
2025-12-02 22:54:04 - baostock_data_fetcher - INFO - 创建股票数据表成功
2025-12-02 22:54:04 - db_module - ERROR - 执行SQL失败: INSERT INTO stock_data (code, date, open, high, low, close, preclose, volume, amount, adjustflag, turn, tradestatus, pctChg, isST) VALUES (?, ?, ?, ?, ?, ?, ?, ?, ?, ?, ?, ?, ?, ?), 参数: ('sz.300662', '2025-11-03', 29.45, 29.86, 28.97, 29.12, 29.45, 7706624, 226824734.06, 3, 3.9263, 1, -1.1205, 0), 错误: UNIQUE constraint failed: stock_data.code, stock_data.date
2025-12-02 22:54:04 - db_module - ERROR - 执行SQL失败: INSERT INTO stock_data (code, date, open, high, low, close, preclose, volume, amount, adjustflag, turn, tradestatus, pctChg, isST) VALUES (?, ?, ?, ?, ?, ?, ?, ?, ?, ?, ?, ?, ?, ?), 参数: ('sz.300662', '2025-11-04', 29.08, 29.31, 28.05, 28.46, 29.12, 5665270, 161764595.42, 3, 2.8863, 1, -2.2665, 0), 错误: UNIQUE constraint failed: stock_data.code, stock_data.date
2025-12-02 22:54:04 - db_module - ERROR - 执行SQL失败: INSERT INTO stock_data (code, date, open, high, low, close, preclose, volume, amount, adjustflag, turn, tradestatus, pctChg, isST) VALUES (?, ?, ?, ?, ?, ?, ?, ?, ?, ?, ?, ?, ?, ?), 参数: ('sz.300662', '2025-11-05', 28.2, 28.51, 28.01, 28.24, 28.46, 3997053, 112961191.59, 3, 2.0364, 1, -0.773, 0), 错误: UNIQUE constraint failed: stock_data.code, stock_data.date
2025-12-02 22:54:04 - db_module - ERROR - 执行SQL失败: INSERT INTO stock_data (code, date, open, high, low, close, preclose, volume, amount, adjustflag, turn, tradestatus, pctChg, isST) VALUES (?, ?, ?, ?, ?, ?, ?, ?, ?, ?, ?, ?, ?, ?), 参数: ('sz.300662', '2025-11-06', 28.14, 28.51, 27.98, 28.16, 28.24, 3923854, 110564162.76, 3, 1.9991, 1, -0.2833, 0), 错误: UNIQUE constraint failed: stock_data.code, stock_data.date
2025-12-02 22:54:04 - db_module - ERROR - 执行SQL失败: INSERT INTO stock_data (code, date, open, high, low, close, preclose, volume, amount, adjustflag, turn, tradestatus, pctChg, isST) VALUES (?, ?, ?, ?, ?, ?, ?, ?, ?, ?, ?, ?, ?, ?), 参数: ('sz.300662', '2025-11-07', 27.81, 28.95, 27.12, 28.32, 28.16, 8165752, 228983468.88, 3, 4.1602, 1, 0.5682, 0), 错误: UNIQUE constraint failed: stock_data.code, stock_data.date
2025-12-02 22:54:04 - db_module - ERROR - 执行SQL失败: INSERT INTO stock_data (code, date, open, high, low, close, preclose, volume, amount, adjustflag, turn, tradestatus, pctChg, isST) VALUES (?, ?, ?, ?, ?, ?, ?, ?, ?, ?, ?, ?, ?, ?), 参数: ('sz.300662', '2025-11-10', 28.2, 29.47, 28.06, 29.04, 28.32, 6285000, 181287663.0, 3, 3.202, 1, 2.5424, 0), 错误: UNIQUE constraint failed: stock_data.code, stock_data.date
2025-12-02 22:54:04 - db_module - ERROR - 执行SQL失败: INSERT INTO stock_data (code, date, open, high, low, close, preclose, volume, amount, adjustflag, turn, tradestatus, pctChg, isST) VALUES (?, ?, ?, ?, ?, ?, ?, ?, ?, ?, ?, ?, ?, ?), 参数: ('sz.300662', '2025-11-11', 29.05, 30.1, 28.83, 29.06, 29.04, 4743999, 139195084.9, 3, 2.4169, 1, 0.0689, 0), 错误: UNIQUE constraint failed: stock_data.code, stock_data.date
2025-12-02 22:54:04 - db_module - ERROR - 执行SQL失败: INSERT INTO stock_data (code, date, open, high, low, close, preclose, volume, amount, adjustflag, turn, tradestatus, pctChg, isST) VALUES (?, ?, ?, ?, ?, ?, ?, ?, ?, ?, ?, ?, ?, ?), 参数: ('sz.300662', '2025-11-12', 29.06, 29.45, 28.71, 28.91, 29.06, 3846364, 111795635.2, 3, 1.9596, 1, -0.5162, 0), 错误: UNIQUE constraint failed: stock_data.code, stock_data.date
2025-12-02 22:54:04 - db_module - ERROR - 执行SQL失败: INSERT INTO stock_data (code, date, open, high, low, close, preclose, volume, amount, adjustflag, turn, tradestatus, pctChg, isST) VALUES (?, ?, ?, ?, ?, ?, ?, ?, ?, ?, ?, ?, ?, ?), 参数: ('sz.300662', '2025-11-13', 28.9, 29.2, 28.55, 29.15, 28.91, 2767100, 80081640.0, 3, 1.4097, 1, 0.8302, 0), 错误: UNIQUE constraint failed: stock_data.code, stock_data.date
2025-12-02 22:54:04 - db_module - ERROR - 执行SQL失败: INSERT INTO stock_data (code, date, open, high, low, close, preclose, volume, amount, adjustflag, turn, tradestatus, pctChg, isST) VALUES (?, ?, ?, ?, ?, ?, ?, ?, ?, ?, ?, ?, ?, ?), 参数: ('sz.300662', '2025-11-14', 28.95, 29.19, 28.72, 28.72, 29.15, 2428100, 70151413.0, 3, 1.237, 1, -1.4751, 0), 错误: UNIQUE constraint failed: stock_data.code, stock_data.date
2025-12-02 22:54:04 - db_module - ERROR - 执行SQL失败: INSERT INTO stock_data (code, date, open, high, low, close, preclose, volume, amount, adjustflag, turn, tradestatus, pctChg, isST) VALUES (?, ?, ?, ?, ?, ?, ?, ?, ?, ?, ?, ?, ?, ?), 参数: ('sz.300662', '2025-11-17', 28.73, 29.44, 28.19, 28.94, 28.72, 3664100, 105579451.0, 3, 1.8667, 1, 0.766, 0), 错误: UNIQUE constraint failed: stock_data.code, stock_data.date
2025-12-02 22:54:04 - db_module - ERROR - 执行SQL失败: INSERT INTO stock_data (code, date, open, high, low, close, preclose, volume, amount, adjustflag, turn, tradestatus, pctChg, isST) VALUES (?, ?, ?, ?, ?, ?, ?, ?, ?, ?, ?, ?, ?, ?), 参数: ('sz.300662', '2025-11-18', 28.6, 29.36, 28.51, 28.99, 28.94, 3471800, 100339223.0, 3, 1.7688, 1, 0.1728, 0), 错误: UNIQUE constraint failed: stock_data.code, stock_data.date
2025-12-02 22:54:04 - db_module - ERROR - 执行SQL失败: INSERT INTO stock_data (code, date, open, high, low, close, preclose, volume, amount, adjustflag, turn, tradestatus, pctChg, isST) VALUES (?, ?, ?, ?, ?, ?, ?, ?, ?, ?, ?, ?, ?, ?), 参数: ('sz.300662', '2025-11-19', 28.92, 29.05, 28.0, 28.33, 28.99, 3470464, 98699649.64, 3, 1.7681, 1, -2.2766, 0), 错误: UNIQUE constraint failed: stock_data.code, stock_data.date
2025-12-02 22:54:04 - db_module - ERROR - 执行SQL失败: INSERT INTO stock_data (code, date, open, high, low, close, preclose, volume, amount, adjustflag, turn, tradestatus, pctChg, isST) VALUES (?, ?, ?, ?, ?, ?, ?, ?, ?, ?, ?, ?, ?, ?), 参数: ('sz.300662', '2025-11-20', 28.4, 28.48, 27.61, 27.72, 28.33, 2462500, 68782081.0, 3, 1.2546, 1, -2.1532, 0), 错误: UNIQUE constraint failed: stock_data.code, stock_data.date
2025-12-02 22:54:04 - db_module - ERROR - 执行SQL失败: INSERT INTO stock_data (code, date, open, high, low, close, preclose, volume, amount, adjustflag, turn, tradestatus, pctChg, isST) VALUES (?, ?, ?, ?, ?, ?, ?, ?, ?, ?, ?, ?, ?, ?), 参数: ('sz.300662', '2025-11-21', 27.47, 27.85, 26.29, 26.88, 27.72, 4959300, 133762630.88, 3, 2.5266, 1, -3.0303, 0), 错误: UNIQUE constraint failed: stock_data.code, stock_data.date
2025-12-02 22:54:04 - db_module - ERROR - 执行SQL失败: INSERT INTO stock_data (code, date, open, high, low, close, preclose, volume, amount, adjustflag, turn, tradestatus, pctChg, isST) VALUES (?, ?, ?, ?, ?, ?, ?, ?, ?, ?, ?, ?, ?, ?), 参数: ('sz.300662', '2025-11-24', 26.86, 27.7, 26.78, 27.48, 26.88, 2814007, 76889260.69, 3, 1.4336, 1, 2.2321, 0), 错误: UNIQUE constraint failed: stock_data.code, stock_data.date
2025-12-02 22:54:04 - db_module - ERROR - 执行SQL失败: INSERT INTO stock_data (code, date, open, high, low, close, preclose, volume, amount, adjustflag, turn, tradestatus, pctChg, isST) VALUES (?, ?, ?, ?, ?, ?, ?, ?, ?, ?, ?, ?, ?, ?), 参数: ('sz.300662', '2025-11-25', 27.77, 29.35, 27.77, 28.45, 27.48, 6823899, 196681205.2, 3, 3.4766, 1, 3.5298, 0), 错误: UNIQUE constraint failed: stock_data.code, stock_data.date
2025-12-02 22:54:04 - db_module - ERROR - 执行SQL失败: INSERT INTO stock_data (code, date, open, high, low, close, preclose, volume, amount, adjustflag, turn, tradestatus, pctChg, isST) VALUES (?, ?, ?, ?, ?, ?, ?, ?, ?, ?, ?, ?, ?, ?), 参数: ('sz.300662', '2025-11-26', 28.55, 28.84, 27.55, 27.55, 28.45, 4276842, 120137659.32, 3, 2.1789, 1, -3.1634, 0), 错误: UNIQUE constraint failed: stock_data.code, stock_data.date
2025-12-02 22:54:04 - db_module - ERROR - 执行SQL失败: INSERT INTO stock_data (code, date, open, high, low, close, preclose, volume, amount, adjustflag, turn, tradestatus, pctChg, isST) VALUES (?, ?, ?, ?, ?, ?, ?, ?, ?, ?, ?, ?, ?, ?), 参数: ('sz.300662', '2025-11-27', 27.56, 27.78, 27.24, 27.27, 27.55, 2656200, 73083066.0, 3, 1.3532, 1, -1.0163, 0), 错误: UNIQUE constraint failed: stock_data.code, stock_data.date
2025-12-02 22:54:04 - db_module - ERROR - 执行SQL失败: INSERT INTO stock_data (code, date, open, high, low, close, preclose, volume, amount, adjustflag, turn, tradestatus, pctChg, isST) VALUES (?, ?, ?, ?, ?, ?, ?, ?, ?, ?, ?, ?, ?, ?), 参数: ('sz.300662', '2025-11-28', 27.34, 27.8, 27.0, 27.76, 27.27, 3123000, 85694747.0, 3, 1.5911, 1, 1.7968, 0), 错误: UNIQUE constraint failed: stock_data.code, stock_data.date
2025-12-02 22:54:04 - baostock_data_fetcher - INFO - 成功将股票 sz.300662 的 0 条数据保存到数据库
2025-12-02 22:54:04 - db_module - INFO - 关闭数据库连接
2025-12-02 22:54:04 - db_module - INFO - 关闭数据库连接
2025-12-02 22:54:04 - db_module - INFO - 关闭数据库连接
2025-12-02 22:54:04 - db_module - INFO - 关闭数据库连接
2025-12-02 22:54:04 - db_module - INFO - 关闭数据库连接
2025-12-02 22:54:04 - baostock_data_fetcher - INFO - 已退出程序
2025-12-02 23:00:40 - baostock_data_fetcher - INFO - 配置加载完成: 股票代码文件路径=D:\stock_data\stock_code.csv, 数据库路径=D:\stock_data\stock_data.db
2025-12-02 23:00:40 - baostock_data_fetcher - INFO - BaoStock登录成功
2025-12-02 23:00:40 - baostock_data_fetcher - INFO - 开始获取股票列表
2025-12-02 23:00:52 - baostock_data_fetcher - INFO - 股票列表已保存到 D:\stock_data\stock_code.csv
2025-12-02 23:01:03 - baostock_data_fetcher - INFO - 获取到 7151 只股票信息
2025-12-02 23:01:03 - baostock_data_fetcher - INFO - 获取到 7151 只股票信息
2025-12-02 23:01:03 - baostock_data_fetcher - INFO - 前五只股票为：[['sh.000001', '上证综合指数', '1991-07-15', '', '2', '1'], ['sh.000002', '上证A股指数', '1992-02-21', '', '2', '1'], ['sh.000003', '上证B股指数', '1992-08-17', '', '2', '1'], ['sh.000004', '上证工业类指数', '1993-05-03', '', '2', '1'], ['sh.000005', '上证商业类指数', '1993-05-03', '', '2', '1']]
2025-12-02 23:01:03 - baostock_data_fetcher - INFO - 开始获取股票 sz.300662 从 2025-11-01 到 2025-11-30 的历史数据
2025-12-02 23:01:04 - baostock_data_fetcher - INFO - 获取到股票 sz.300662 的 20 条历史数据
2025-12-02 23:01:04 - baostock_data_fetcher - INFO - 获取到股票 sz.300662 的 20 条历史数据
2025-12-02 23:01:04 - baostock_data_fetcher - INFO - 准备将股票 sz.300662 的数据保存到数据库: D:\stock_data\stock_data.db
2025-12-02 23:01:04 - db_module - INFO - 创建数据库连接成功: D:\stock_data\stock_data.db
2025-12-02 23:01:04 - db_module - INFO - 创建数据库连接成功: D:\stock_data\stock_data.db
2025-12-02 23:01:04 - db_module - INFO - 创建数据库连接成功: D:\stock_data\stock_data.db
2025-12-02 23:01:04 - db_module - INFO - 创建数据库连接成功: D:\stock_data\stock_data.db
2025-12-02 23:01:04 - db_module - INFO - 创建数据库连接成功: D:\stock_data\stock_data.db
2025-12-02 23:01:04 - baostock_data_fetcher - INFO - 创建股票数据表成功
2025-12-02 23:01:04 - db_module - ERROR - 执行SQL失败: INSERT INTO stock_data (code, date, open, high, low, close, preclose, volume, amount, adjustflag, turn, tradestatus, pctChg, isST) VALUES (?, ?, ?, ?, ?, ?, ?, ?, ?, ?, ?, ?, ?, ?), 参数: ('sz.300662', '2025-11-03', 29.45, 29.86, 28.97, 29.12, 29.45, 7706624, 226824734.06, 3, 3.9263, 1, -1.1205, 0), 错误: UNIQUE constraint failed: stock_data.code, stock_data.date
2025-12-02 23:01:04 - db_module - ERROR - 执行SQL失败: INSERT INTO stock_data (code, date, open, high, low, close, preclose, volume, amount, adjustflag, turn, tradestatus, pctChg, isST) VALUES (?, ?, ?, ?, ?, ?, ?, ?, ?, ?, ?, ?, ?, ?), 参数: ('sz.300662', '2025-11-04', 29.08, 29.31, 28.05, 28.46, 29.12, 5665270, 161764595.42, 3, 2.8863, 1, -2.2665, 0), 错误: UNIQUE constraint failed: stock_data.code, stock_data.date
2025-12-02 23:01:04 - db_module - ERROR - 执行SQL失败: INSERT INTO stock_data (code, date, open, high, low, close, preclose, volume, amount, adjustflag, turn, tradestatus, pctChg, isST) VALUES (?, ?, ?, ?, ?, ?, ?, ?, ?, ?, ?, ?, ?, ?), 参数: ('sz.300662', '2025-11-05', 28.2, 28.51, 28.01, 28.24, 28.46, 3997053, 112961191.59, 3, 2.0364, 1, -0.773, 0), 错误: UNIQUE constraint failed: stock_data.code, stock_data.date
2025-12-02 23:01:04 - db_module - ERROR - 执行SQL失败: INSERT INTO stock_data (code, date, open, high, low, close, preclose, volume, amount, adjustflag, turn, tradestatus, pctChg, isST) VALUES (?, ?, ?, ?, ?, ?, ?, ?, ?, ?, ?, ?, ?, ?), 参数: ('sz.300662', '2025-11-06', 28.14, 28.51, 27.98, 28.16, 28.24, 3923854, 110564162.76, 3, 1.9991, 1, -0.2833, 0), 错误: UNIQUE constraint failed: stock_data.code, stock_data.date
2025-12-02 23:01:04 - db_module - ERROR - 执行SQL失败: INSERT INTO stock_data (code, date, open, high, low, close, preclose, volume, amount, adjustflag, turn, tradestatus, pctChg, isST) VALUES (?, ?, ?, ?, ?, ?, ?, ?, ?, ?, ?, ?, ?, ?), 参数: ('sz.300662', '2025-11-07', 27.81, 28.95, 27.12, 28.32, 28.16, 8165752, 228983468.88, 3, 4.1602, 1, 0.5682, 0), 错误: UNIQUE constraint failed: stock_data.code, stock_data.date
2025-12-02 23:01:04 - db_module - ERROR - 执行SQL失败: INSERT INTO stock_data (code, date, open, high, low, close, preclose, volume, amount, adjustflag, turn, tradestatus, pctChg, isST) VALUES (?, ?, ?, ?, ?, ?, ?, ?, ?, ?, ?, ?, ?, ?), 参数: ('sz.300662', '2025-11-10', 28.2, 29.47, 28.06, 29.04, 28.32, 6285000, 181287663.0, 3, 3.202, 1, 2.5424, 0), 错误: UNIQUE constraint failed: stock_data.code, stock_data.date
2025-12-02 23:01:04 - db_module - ERROR - 执行SQL失败: INSERT INTO stock_data (code, date, open, high, low, close, preclose, volume, amount, adjustflag, turn, tradestatus, pctChg, isST) VALUES (?, ?, ?, ?, ?, ?, ?, ?, ?, ?, ?, ?, ?, ?), 参数: ('sz.300662', '2025-11-11', 29.05, 30.1, 28.83, 29.06, 29.04, 4743999, 139195084.9, 3, 2.4169, 1, 0.0689, 0), 错误: UNIQUE constraint failed: stock_data.code, stock_data.date
2025-12-02 23:01:04 - db_module - ERROR - 执行SQL失败: INSERT INTO stock_data (code, date, open, high, low, close, preclose, volume, amount, adjustflag, turn, tradestatus, pctChg, isST) VALUES (?, ?, ?, ?, ?, ?, ?, ?, ?, ?, ?, ?, ?, ?), 参数: ('sz.300662', '2025-11-12', 29.06, 29.45, 28.71, 28.91, 29.06, 3846364, 111795635.2, 3, 1.9596, 1, -0.5162, 0), 错误: UNIQUE constraint failed: stock_data.code, stock_data.date
2025-12-02 23:01:04 - db_module - ERROR - 执行SQL失败: INSERT INTO stock_data (code, date, open, high, low, close, preclose, volume, amount, adjustflag, turn, tradestatus, pctChg, isST) VALUES (?, ?, ?, ?, ?, ?, ?, ?, ?, ?, ?, ?, ?, ?), 参数: ('sz.300662', '2025-11-13', 28.9, 29.2, 28.55, 29.15, 28.91, 2767100, 80081640.0, 3, 1.4097, 1, 0.8302, 0), 错误: UNIQUE constraint failed: stock_data.code, stock_data.date
2025-12-02 23:01:04 - db_module - ERROR - 执行SQL失败: INSERT INTO stock_data (code, date, open, high, low, close, preclose, volume, amount, adjustflag, turn, tradestatus, pctChg, isST) VALUES (?, ?, ?, ?, ?, ?, ?, ?, ?, ?, ?, ?, ?, ?), 参数: ('sz.300662', '2025-11-14', 28.95, 29.19, 28.72, 28.72, 29.15, 2428100, 70151413.0, 3, 1.237, 1, -1.4751, 0), 错误: UNIQUE constraint failed: stock_data.code, stock_data.date
2025-12-02 23:01:04 - db_module - ERROR - 执行SQL失败: INSERT INTO stock_data (code, date, open, high, low, close, preclose, volume, amount, adjustflag, turn, tradestatus, pctChg, isST) VALUES (?, ?, ?, ?, ?, ?, ?, ?, ?, ?, ?, ?, ?, ?), 参数: ('sz.300662', '2025-11-17', 28.73, 29.44, 28.19, 28.94, 28.72, 3664100, 105579451.0, 3, 1.8667, 1, 0.766, 0), 错误: UNIQUE constraint failed: stock_data.code, stock_data.date
2025-12-02 23:01:04 - db_module - ERROR - 执行SQL失败: INSERT INTO stock_data (code, date, open, high, low, close, preclose, volume, amount, adjustflag, turn, tradestatus, pctChg, isST) VALUES (?, ?, ?, ?, ?, ?, ?, ?, ?, ?, ?, ?, ?, ?), 参数: ('sz.300662', '2025-11-18', 28.6, 29.36, 28.51, 28.99, 28.94, 3471800, 100339223.0, 3, 1.7688, 1, 0.1728, 0), 错误: UNIQUE constraint failed: stock_data.code, stock_data.date
2025-12-02 23:01:04 - db_module - ERROR - 执行SQL失败: INSERT INTO stock_data (code, date, open, high, low, close, preclose, volume, amount, adjustflag, turn, tradestatus, pctChg, isST) VALUES (?, ?, ?, ?, ?, ?, ?, ?, ?, ?, ?, ?, ?, ?), 参数: ('sz.300662', '2025-11-19', 28.92, 29.05, 28.0, 28.33, 28.99, 3470464, 98699649.64, 3, 1.7681, 1, -2.2766, 0), 错误: UNIQUE constraint failed: stock_data.code, stock_data.date
2025-12-02 23:01:04 - db_module - ERROR - 执行SQL失败: INSERT INTO stock_data (code, date, open, high, low, close, preclose, volume, amount, adjustflag, turn, tradestatus, pctChg, isST) VALUES (?, ?, ?, ?, ?, ?, ?, ?, ?, ?, ?, ?, ?, ?), 参数: ('sz.300662', '2025-11-20', 28.4, 28.48, 27.61, 27.72, 28.33, 2462500, 68782081.0, 3, 1.2546, 1, -2.1532, 0), 错误: UNIQUE constraint failed: stock_data.code, stock_data.date
2025-12-02 23:01:04 - db_module - ERROR - 执行SQL失败: INSERT INTO stock_data (code, date, open, high, low, close, preclose, volume, amount, adjustflag, turn, tradestatus, pctChg, isST) VALUES (?, ?, ?, ?, ?, ?, ?, ?, ?, ?, ?, ?, ?, ?), 参数: ('sz.300662', '2025-11-21', 27.47, 27.85, 26.29, 26.88, 27.72, 4959300, 133762630.88, 3, 2.5266, 1, -3.0303, 0), 错误: UNIQUE constraint failed: stock_data.code, stock_data.date
2025-12-02 23:01:04 - db_module - ERROR - 执行SQL失败: INSERT INTO stock_data (code, date, open, high, low, close, preclose, volume, amount, adjustflag, turn, tradestatus, pctChg, isST) VALUES (?, ?, ?, ?, ?, ?, ?, ?, ?, ?, ?, ?, ?, ?), 参数: ('sz.300662', '2025-11-24', 26.86, 27.7, 26.78, 27.48, 26.88, 2814007, 76889260.69, 3, 1.4336, 1, 2.2321, 0), 错误: UNIQUE constraint failed: stock_data.code, stock_data.date
2025-12-02 23:01:04 - db_module - ERROR - 执行SQL失败: INSERT INTO stock_data (code, date, open, high, low, close, preclose, volume, amount, adjustflag, turn, tradestatus, pctChg, isST) VALUES (?, ?, ?, ?, ?, ?, ?, ?, ?, ?, ?, ?, ?, ?), 参数: ('sz.300662', '2025-11-25', 27.77, 29.35, 27.77, 28.45, 27.48, 6823899, 196681205.2, 3, 3.4766, 1, 3.5298, 0), 错误: UNIQUE constraint failed: stock_data.code, stock_data.date
2025-12-02 23:01:04 - db_module - ERROR - 执行SQL失败: INSERT INTO stock_data (code, date, open, high, low, close, preclose, volume, amount, adjustflag, turn, tradestatus, pctChg, isST) VALUES (?, ?, ?, ?, ?, ?, ?, ?, ?, ?, ?, ?, ?, ?), 参数: ('sz.300662', '2025-11-26', 28.55, 28.84, 27.55, 27.55, 28.45, 4276842, 120137659.32, 3, 2.1789, 1, -3.1634, 0), 错误: UNIQUE constraint failed: stock_data.code, stock_data.date
2025-12-02 23:01:04 - db_module - ERROR - 执行SQL失败: INSERT INTO stock_data (code, date, open, high, low, close, preclose, volume, amount, adjustflag, turn, tradestatus, pctChg, isST) VALUES (?, ?, ?, ?, ?, ?, ?, ?, ?, ?, ?, ?, ?, ?), 参数: ('sz.300662', '2025-11-27', 27.56, 27.78, 27.24, 27.27, 27.55, 2656200, 73083066.0, 3, 1.3532, 1, -1.0163, 0), 错误: UNIQUE constraint failed: stock_data.code, stock_data.date
2025-12-02 23:01:04 - db_module - ERROR - 执行SQL失败: INSERT INTO stock_data (code, date, open, high, low, close, preclose, volume, amount, adjustflag, turn, tradestatus, pctChg, isST) VALUES (?, ?, ?, ?, ?, ?, ?, ?, ?, ?, ?, ?, ?, ?), 参数: ('sz.300662', '2025-11-28', 27.34, 27.8, 27.0, 27.76, 27.27, 3123000, 85694747.0, 3, 1.5911, 1, 1.7968, 0), 错误: UNIQUE constraint failed: stock_data.code, stock_data.date
2025-12-02 23:01:04 - baostock_data_fetcher - INFO - 成功将股票 sz.300662 的 0 条数据保存到数据库
2025-12-02 23:01:04 - db_module - INFO - 关闭数据库连接
2025-12-02 23:01:04 - db_module - INFO - 关闭数据库连接
2025-12-02 23:01:04 - db_module - INFO - 关闭数据库连接
2025-12-02 23:01:04 - db_module - INFO - 关闭数据库连接
2025-12-02 23:01:04 - db_module - INFO - 关闭数据库连接
2025-12-02 23:01:04 - baostock_data_fetcher - INFO - 已退出程序
2025-12-02 23:32:05 - baostock_data_fetcher - INFO - 配置加载完成: 股票代码文件路径=D:\stock_data\stock_code.csv, 数据库路径=D:\stock_data\stock_data.db
2025-12-02 23:32:05 - baostock_data_fetcher - INFO - BaoStock登录成功
2025-12-02 23:32:05 - baostock_data_fetcher - INFO - 开始获取股票列表
2025-12-02 23:32:13 - baostock_data_fetcher - INFO - 股票列表已保存到 D:\stock_data\stock_code.csv
2025-12-02 23:32:19 - baostock_data_fetcher - INFO - 获取到 7151 只股票信息
2025-12-02 23:32:19 - baostock_data_fetcher - INFO - 前五只股票为：[['sh.000001', '上证综合指数', '1991-07-15', '', '2', '1'], ['sh.000002', '上证A股指数', '1992-02-21', '', '2', '1'], ['sh.000003', '上证B股指数', '1992-08-17', '', '2', '1'], ['sh.000004', '上证工业类指数', '1993-05-03', '', '2', '1'], ['sh.000005', '上证商业类指数', '1993-05-03', '', '2', '1']]
2025-12-02 23:32:19 - baostock_data_fetcher - INFO - 开始获取股票 sz.300662 从 2025-11-01 到 2025-11-30 的历史数据
2025-12-02 23:32:20 - baostock_data_fetcher - INFO - 获取到股票 sz.300662 的 20 条历史数据
2025-12-02 23:32:20 - baostock_data_fetcher - INFO - 准备将股票 sz.300662 的数据保存到数据库: D:\stock_data\stock_data.db
2025-12-02 23:32:20 - db_module - INFO - 创建数据库连接成功: D:\stock_data\stock_data.db
2025-12-02 23:32:20 - db_module - INFO - 创建数据库连接成功: D:\stock_data\stock_data.db
2025-12-02 23:32:20 - db_module - INFO - 创建数据库连接成功: D:\stock_data\stock_data.db
2025-12-02 23:32:20 - db_module - INFO - 创建数据库连接成功: D:\stock_data\stock_data.db
2025-12-02 23:32:20 - db_module - INFO - 创建数据库连接成功: D:\stock_data\stock_data.db
2025-12-02 23:32:20 - baostock_data_fetcher - INFO - 创建股票数据表成功
2025-12-02 23:32:20 - db_module - ERROR - 执行SQL失败: INSERT INTO stock_data (code, date, open, high, low, close, preclose, volume, amount, adjustflag, turn, tradestatus, pctChg, isST) VALUES (?, ?, ?, ?, ?, ?, ?, ?, ?, ?, ?, ?, ?, ?), 参数: ('sz.300662', '2025-11-03', 29.45, 29.86, 28.97, 29.12, 29.45, 7706624, 226824734.06, 3, 3.9263, 1, -1.1205, 0), 错误: UNIQUE constraint failed: stock_data.code, stock_data.date
2025-12-02 23:32:20 - db_module - ERROR - 执行SQL失败: INSERT INTO stock_data (code, date, open, high, low, close, preclose, volume, amount, adjustflag, turn, tradestatus, pctChg, isST) VALUES (?, ?, ?, ?, ?, ?, ?, ?, ?, ?, ?, ?, ?, ?), 参数: ('sz.300662', '2025-11-04', 29.08, 29.31, 28.05, 28.46, 29.12, 5665270, 161764595.42, 3, 2.8863, 1, -2.2665, 0), 错误: UNIQUE constraint failed: stock_data.code, stock_data.date
2025-12-02 23:32:20 - db_module - ERROR - 执行SQL失败: INSERT INTO stock_data (code, date, open, high, low, close, preclose, volume, amount, adjustflag, turn, tradestatus, pctChg, isST) VALUES (?, ?, ?, ?, ?, ?, ?, ?, ?, ?, ?, ?, ?, ?), 参数: ('sz.300662', '2025-11-05', 28.2, 28.51, 28.01, 28.24, 28.46, 3997053, 112961191.59, 3, 2.0364, 1, -0.773, 0), 错误: UNIQUE constraint failed: stock_data.code, stock_data.date
2025-12-02 23:32:20 - db_module - ERROR - 执行SQL失败: INSERT INTO stock_data (code, date, open, high, low, close, preclose, volume, amount, adjustflag, turn, tradestatus, pctChg, isST) VALUES (?, ?, ?, ?, ?, ?, ?, ?, ?, ?, ?, ?, ?, ?), 参数: ('sz.300662', '2025-11-06', 28.14, 28.51, 27.98, 28.16, 28.24, 3923854, 110564162.76, 3, 1.9991, 1, -0.2833, 0), 错误: UNIQUE constraint failed: stock_data.code, stock_data.date
2025-12-02 23:32:20 - db_module - ERROR - 执行SQL失败: INSERT INTO stock_data (code, date, open, high, low, close, preclose, volume, amount, adjustflag, turn, tradestatus, pctChg, isST) VALUES (?, ?, ?, ?, ?, ?, ?, ?, ?, ?, ?, ?, ?, ?), 参数: ('sz.300662', '2025-11-07', 27.81, 28.95, 27.12, 28.32, 28.16, 8165752, 228983468.88, 3, 4.1602, 1, 0.5682, 0), 错误: UNIQUE constraint failed: stock_data.code, stock_data.date
2025-12-02 23:32:20 - db_module - ERROR - 执行SQL失败: INSERT INTO stock_data (code, date, open, high, low, close, preclose, volume, amount, adjustflag, turn, tradestatus, pctChg, isST) VALUES (?, ?, ?, ?, ?, ?, ?, ?, ?, ?, ?, ?, ?, ?), 参数: ('sz.300662', '2025-11-10', 28.2, 29.47, 28.06, 29.04, 28.32, 6285000, 181287663.0, 3, 3.202, 1, 2.5424, 0), 错误: UNIQUE constraint failed: stock_data.code, stock_data.date
2025-12-02 23:32:20 - db_module - ERROR - 执行SQL失败: INSERT INTO stock_data (code, date, open, high, low, close, preclose, volume, amount, adjustflag, turn, tradestatus, pctChg, isST) VALUES (?, ?, ?, ?, ?, ?, ?, ?, ?, ?, ?, ?, ?, ?), 参数: ('sz.300662', '2025-11-11', 29.05, 30.1, 28.83, 29.06, 29.04, 4743999, 139195084.9, 3, 2.4169, 1, 0.0689, 0), 错误: UNIQUE constraint failed: stock_data.code, stock_data.date
2025-12-02 23:32:20 - db_module - ERROR - 执行SQL失败: INSERT INTO stock_data (code, date, open, high, low, close, preclose, volume, amount, adjustflag, turn, tradestatus, pctChg, isST) VALUES (?, ?, ?, ?, ?, ?, ?, ?, ?, ?, ?, ?, ?, ?), 参数: ('sz.300662', '2025-11-12', 29.06, 29.45, 28.71, 28.91, 29.06, 3846364, 111795635.2, 3, 1.9596, 1, -0.5162, 0), 错误: UNIQUE constraint failed: stock_data.code, stock_data.date
2025-12-02 23:32:20 - db_module - ERROR - 执行SQL失败: INSERT INTO stock_data (code, date, open, high, low, close, preclose, volume, amount, adjustflag, turn, tradestatus, pctChg, isST) VALUES (?, ?, ?, ?, ?, ?, ?, ?, ?, ?, ?, ?, ?, ?), 参数: ('sz.300662', '2025-11-13', 28.9, 29.2, 28.55, 29.15, 28.91, 2767100, 80081640.0, 3, 1.4097, 1, 0.8302, 0), 错误: UNIQUE constraint failed: stock_data.code, stock_data.date
2025-12-02 23:32:20 - db_module - ERROR - 执行SQL失败: INSERT INTO stock_data (code, date, open, high, low, close, preclose, volume, amount, adjustflag, turn, tradestatus, pctChg, isST) VALUES (?, ?, ?, ?, ?, ?, ?, ?, ?, ?, ?, ?, ?, ?), 参数: ('sz.300662', '2025-11-14', 28.95, 29.19, 28.72, 28.72, 29.15, 2428100, 70151413.0, 3, 1.237, 1, -1.4751, 0), 错误: UNIQUE constraint failed: stock_data.code, stock_data.date
2025-12-02 23:32:20 - db_module - ERROR - 执行SQL失败: INSERT INTO stock_data (code, date, open, high, low, close, preclose, volume, amount, adjustflag, turn, tradestatus, pctChg, isST) VALUES (?, ?, ?, ?, ?, ?, ?, ?, ?, ?, ?, ?, ?, ?), 参数: ('sz.300662', '2025-11-17', 28.73, 29.44, 28.19, 28.94, 28.72, 3664100, 105579451.0, 3, 1.8667, 1, 0.766, 0), 错误: UNIQUE constraint failed: stock_data.code, stock_data.date
2025-12-02 23:32:20 - db_module - ERROR - 执行SQL失败: INSERT INTO stock_data (code, date, open, high, low, close, preclose, volume, amount, adjustflag, turn, tradestatus, pctChg, isST) VALUES (?, ?, ?, ?, ?, ?, ?, ?, ?, ?, ?, ?, ?, ?), 参数: ('sz.300662', '2025-11-18', 28.6, 29.36, 28.51, 28.99, 28.94, 3471800, 100339223.0, 3, 1.7688, 1, 0.1728, 0), 错误: UNIQUE constraint failed: stock_data.code, stock_data.date
2025-12-02 23:32:20 - db_module - ERROR - 执行SQL失败: INSERT INTO stock_data (code, date, open, high, low, close, preclose, volume, amount, adjustflag, turn, tradestatus, pctChg, isST) VALUES (?, ?, ?, ?, ?, ?, ?, ?, ?, ?, ?, ?, ?, ?), 参数: ('sz.300662', '2025-11-19', 28.92, 29.05, 28.0, 28.33, 28.99, 3470464, 98699649.64, 3, 1.7681, 1, -2.2766, 0), 错误: UNIQUE constraint failed: stock_data.code, stock_data.date
2025-12-02 23:32:20 - db_module - ERROR - 执行SQL失败: INSERT INTO stock_data (code, date, open, high, low, close, preclose, volume, amount, adjustflag, turn, tradestatus, pctChg, isST) VALUES (?, ?, ?, ?, ?, ?, ?, ?, ?, ?, ?, ?, ?, ?), 参数: ('sz.300662', '2025-11-20', 28.4, 28.48, 27.61, 27.72, 28.33, 2462500, 68782081.0, 3, 1.2546, 1, -2.1532, 0), 错误: UNIQUE constraint failed: stock_data.code, stock_data.date
2025-12-02 23:32:20 - db_module - ERROR - 执行SQL失败: INSERT INTO stock_data (code, date, open, high, low, close, preclose, volume, amount, adjustflag, turn, tradestatus, pctChg, isST) VALUES (?, ?, ?, ?, ?, ?, ?, ?, ?, ?, ?, ?, ?, ?), 参数: ('sz.300662', '2025-11-21', 27.47, 27.85, 26.29, 26.88, 27.72, 4959300, 133762630.88, 3, 2.5266, 1, -3.0303, 0), 错误: UNIQUE constraint failed: stock_data.code, stock_data.date
2025-12-02 23:32:20 - db_module - ERROR - 执行SQL失败: INSERT INTO stock_data (code, date, open, high, low, close, preclose, volume, amount, adjustflag, turn, tradestatus, pctChg, isST) VALUES (?, ?, ?, ?, ?, ?, ?, ?, ?, ?, ?, ?, ?, ?), 参数: ('sz.300662', '2025-11-24', 26.86, 27.7, 26.78, 27.48, 26.88, 2814007, 76889260.69, 3, 1.4336, 1, 2.2321, 0), 错误: UNIQUE constraint failed: stock_data.code, stock_data.date
2025-12-02 23:32:20 - db_module - ERROR - 执行SQL失败: INSERT INTO stock_data (code, date, open, high, low, close, preclose, volume, amount, adjustflag, turn, tradestatus, pctChg, isST) VALUES (?, ?, ?, ?, ?, ?, ?, ?, ?, ?, ?, ?, ?, ?), 参数: ('sz.300662', '2025-11-25', 27.77, 29.35, 27.77, 28.45, 27.48, 6823899, 196681205.2, 3, 3.4766, 1, 3.5298, 0), 错误: UNIQUE constraint failed: stock_data.code, stock_data.date
2025-12-02 23:32:20 - db_module - ERROR - 执行SQL失败: INSERT INTO stock_data (code, date, open, high, low, close, preclose, volume, amount, adjustflag, turn, tradestatus, pctChg, isST) VALUES (?, ?, ?, ?, ?, ?, ?, ?, ?, ?, ?, ?, ?, ?), 参数: ('sz.300662', '2025-11-26', 28.55, 28.84, 27.55, 27.55, 28.45, 4276842, 120137659.32, 3, 2.1789, 1, -3.1634, 0), 错误: UNIQUE constraint failed: stock_data.code, stock_data.date
2025-12-02 23:32:20 - db_module - ERROR - 执行SQL失败: INSERT INTO stock_data (code, date, open, high, low, close, preclose, volume, amount, adjustflag, turn, tradestatus, pctChg, isST) VALUES (?, ?, ?, ?, ?, ?, ?, ?, ?, ?, ?, ?, ?, ?), 参数: ('sz.300662', '2025-11-27', 27.56, 27.78, 27.24, 27.27, 27.55, 2656200, 73083066.0, 3, 1.3532, 1, -1.0163, 0), 错误: UNIQUE constraint failed: stock_data.code, stock_data.date
2025-12-02 23:32:20 - db_module - ERROR - 执行SQL失败: INSERT INTO stock_data (code, date, open, high, low, close, preclose, volume, amount, adjustflag, turn, tradestatus, pctChg, isST) VALUES (?, ?, ?, ?, ?, ?, ?, ?, ?, ?, ?, ?, ?, ?), 参数: ('sz.300662', '2025-11-28', 27.34, 27.8, 27.0, 27.76, 27.27, 3123000, 85694747.0, 3, 1.5911, 1, 1.7968, 0), 错误: UNIQUE constraint failed: stock_data.code, stock_data.date
2025-12-02 23:32:20 - baostock_data_fetcher - INFO - 成功将股票 sz.300662 的 0 条数据保存到数据库
2025-12-02 23:32:20 - db_module - INFO - 关闭数据库连接
2025-12-02 23:32:20 - db_module - INFO - 关闭数据库连接
2025-12-02 23:32:20 - db_module - INFO - 关闭数据库连接
2025-12-02 23:32:20 - db_module - INFO - 关闭数据库连接
2025-12-02 23:32:20 - db_module - INFO - 关闭数据库连接
2025-12-02 23:32:20 - baostock_data_fetcher - INFO - 已退出程序
2025-12-02 23:33:20 - baostock_data_fetcher - INFO - 配置加载完成: 股票代码文件路径=D:\stock_data\stock_code.csv, 数据库路径=D:\stock_data\stock_data.db
2025-12-02 23:33:20 - baostock_data_fetcher - INFO - BaoStock登录成功
2025-12-02 23:33:20 - baostock_data_fetcher - INFO - 开始获取股票列表
2025-12-02 23:33:33 - baostock_data_fetcher - INFO - 股票列表已保存到 D:\stock_data\stock_code.csv
2025-12-02 23:33:43 - baostock_data_fetcher - INFO - 获取到 7151 只股票信息
2025-12-02 23:33:43 - baostock_data_fetcher - INFO - 前五只股票为：[['sh.000001', '上证综合指数', '1991-07-15', '', '2', '1'], ['sh.000002', '上证A股指数', '1992-02-21', '', '2', '1'], ['sh.000003', '上证B股指数', '1992-08-17', '', '2', '1'], ['sh.000004', '上证工业类指数', '1993-05-03', '', '2', '1'], ['sh.000005', '上证商业类指数', '1993-05-03', '', '2', '1']]
2025-12-02 23:33:43 - baostock_data_fetcher - INFO - 开始获取股票 sz.300662 从 2025-11-01 到 2025-11-30 的历史数据
2025-12-02 23:33:44 - baostock_data_fetcher - INFO - 获取到股票 sz.300662 的 20 条历史数据
2025-12-02 23:33:44 - baostock_data_fetcher - INFO - 准备将股票 sz.300662 的数据保存到数据库: D:\stock_data\stock_data.db
2025-12-02 23:33:44 - db_module - INFO - 创建数据库连接成功: D:\stock_data\stock_data.db
2025-12-02 23:33:44 - db_module - INFO - 创建数据库连接成功: D:\stock_data\stock_data.db
2025-12-02 23:33:44 - db_module - INFO - 创建数据库连接成功: D:\stock_data\stock_data.db
2025-12-02 23:33:44 - db_module - INFO - 创建数据库连接成功: D:\stock_data\stock_data.db
2025-12-02 23:33:44 - db_module - INFO - 创建数据库连接成功: D:\stock_data\stock_data.db
2025-12-02 23:33:44 - baostock_data_fetcher - INFO - 创建股票数据表成功
2025-12-02 23:33:44 - db_module - ERROR - 执行SQL失败: INSERT INTO stock_data (code, date, open, high, low, close, preclose, volume, amount, adjustflag, turn, tradestatus, pctChg, isST) VALUES (?, ?, ?, ?, ?, ?, ?, ?, ?, ?, ?, ?, ?, ?), 参数: ('sz.300662', '2025-11-03', 29.45, 29.86, 28.97, 29.12, 29.45, 7706624, 226824734.06, 3, 3.9263, 1, -1.1205, 0), 错误: UNIQUE constraint failed: stock_data.code, stock_data.date
2025-12-02 23:33:44 - db_module - ERROR - 执行SQL失败: INSERT INTO stock_data (code, date, open, high, low, close, preclose, volume, amount, adjustflag, turn, tradestatus, pctChg, isST) VALUES (?, ?, ?, ?, ?, ?, ?, ?, ?, ?, ?, ?, ?, ?), 参数: ('sz.300662', '2025-11-04', 29.08, 29.31, 28.05, 28.46, 29.12, 5665270, 161764595.42, 3, 2.8863, 1, -2.2665, 0), 错误: UNIQUE constraint failed: stock_data.code, stock_data.date
2025-12-02 23:33:44 - db_module - ERROR - 执行SQL失败: INSERT INTO stock_data (code, date, open, high, low, close, preclose, volume, amount, adjustflag, turn, tradestatus, pctChg, isST) VALUES (?, ?, ?, ?, ?, ?, ?, ?, ?, ?, ?, ?, ?, ?), 参数: ('sz.300662', '2025-11-05', 28.2, 28.51, 28.01, 28.24, 28.46, 3997053, 112961191.59, 3, 2.0364, 1, -0.773, 0), 错误: UNIQUE constraint failed: stock_data.code, stock_data.date
2025-12-02 23:33:44 - db_module - ERROR - 执行SQL失败: INSERT INTO stock_data (code, date, open, high, low, close, preclose, volume, amount, adjustflag, turn, tradestatus, pctChg, isST) VALUES (?, ?, ?, ?, ?, ?, ?, ?, ?, ?, ?, ?, ?, ?), 参数: ('sz.300662', '2025-11-06', 28.14, 28.51, 27.98, 28.16, 28.24, 3923854, 110564162.76, 3, 1.9991, 1, -0.2833, 0), 错误: UNIQUE constraint failed: stock_data.code, stock_data.date
2025-12-02 23:33:44 - db_module - ERROR - 执行SQL失败: INSERT INTO stock_data (code, date, open, high, low, close, preclose, volume, amount, adjustflag, turn, tradestatus, pctChg, isST) VALUES (?, ?, ?, ?, ?, ?, ?, ?, ?, ?, ?, ?, ?, ?), 参数: ('sz.300662', '2025-11-07', 27.81, 28.95, 27.12, 28.32, 28.16, 8165752, 228983468.88, 3, 4.1602, 1, 0.5682, 0), 错误: UNIQUE constraint failed: stock_data.code, stock_data.date
2025-12-02 23:33:44 - db_module - ERROR - 执行SQL失败: INSERT INTO stock_data (code, date, open, high, low, close, preclose, volume, amount, adjustflag, turn, tradestatus, pctChg, isST) VALUES (?, ?, ?, ?, ?, ?, ?, ?, ?, ?, ?, ?, ?, ?), 参数: ('sz.300662', '2025-11-10', 28.2, 29.47, 28.06, 29.04, 28.32, 6285000, 181287663.0, 3, 3.202, 1, 2.5424, 0), 错误: UNIQUE constraint failed: stock_data.code, stock_data.date
2025-12-02 23:33:44 - db_module - ERROR - 执行SQL失败: INSERT INTO stock_data (code, date, open, high, low, close, preclose, volume, amount, adjustflag, turn, tradestatus, pctChg, isST) VALUES (?, ?, ?, ?, ?, ?, ?, ?, ?, ?, ?, ?, ?, ?), 参数: ('sz.300662', '2025-11-11', 29.05, 30.1, 28.83, 29.06, 29.04, 4743999, 139195084.9, 3, 2.4169, 1, 0.0689, 0), 错误: UNIQUE constraint failed: stock_data.code, stock_data.date
2025-12-02 23:33:44 - db_module - ERROR - 执行SQL失败: INSERT INTO stock_data (code, date, open, high, low, close, preclose, volume, amount, adjustflag, turn, tradestatus, pctChg, isST) VALUES (?, ?, ?, ?, ?, ?, ?, ?, ?, ?, ?, ?, ?, ?), 参数: ('sz.300662', '2025-11-12', 29.06, 29.45, 28.71, 28.91, 29.06, 3846364, 111795635.2, 3, 1.9596, 1, -0.5162, 0), 错误: UNIQUE constraint failed: stock_data.code, stock_data.date
2025-12-02 23:33:44 - db_module - ERROR - 执行SQL失败: INSERT INTO stock_data (code, date, open, high, low, close, preclose, volume, amount, adjustflag, turn, tradestatus, pctChg, isST) VALUES (?, ?, ?, ?, ?, ?, ?, ?, ?, ?, ?, ?, ?, ?), 参数: ('sz.300662', '2025-11-13', 28.9, 29.2, 28.55, 29.15, 28.91, 2767100, 80081640.0, 3, 1.4097, 1, 0.8302, 0), 错误: UNIQUE constraint failed: stock_data.code, stock_data.date
2025-12-02 23:33:44 - db_module - ERROR - 执行SQL失败: INSERT INTO stock_data (code, date, open, high, low, close, preclose, volume, amount, adjustflag, turn, tradestatus, pctChg, isST) VALUES (?, ?, ?, ?, ?, ?, ?, ?, ?, ?, ?, ?, ?, ?), 参数: ('sz.300662', '2025-11-14', 28.95, 29.19, 28.72, 28.72, 29.15, 2428100, 70151413.0, 3, 1.237, 1, -1.4751, 0), 错误: UNIQUE constraint failed: stock_data.code, stock_data.date
2025-12-02 23:33:44 - db_module - ERROR - 执行SQL失败: INSERT INTO stock_data (code, date, open, high, low, close, preclose, volume, amount, adjustflag, turn, tradestatus, pctChg, isST) VALUES (?, ?, ?, ?, ?, ?, ?, ?, ?, ?, ?, ?, ?, ?), 参数: ('sz.300662', '2025-11-17', 28.73, 29.44, 28.19, 28.94, 28.72, 3664100, 105579451.0, 3, 1.8667, 1, 0.766, 0), 错误: UNIQUE constraint failed: stock_data.code, stock_data.date
2025-12-02 23:33:44 - db_module - ERROR - 执行SQL失败: INSERT INTO stock_data (code, date, open, high, low, close, preclose, volume, amount, adjustflag, turn, tradestatus, pctChg, isST) VALUES (?, ?, ?, ?, ?, ?, ?, ?, ?, ?, ?, ?, ?, ?), 参数: ('sz.300662', '2025-11-18', 28.6, 29.36, 28.51, 28.99, 28.94, 3471800, 100339223.0, 3, 1.7688, 1, 0.1728, 0), 错误: UNIQUE constraint failed: stock_data.code, stock_data.date
2025-12-02 23:33:44 - db_module - ERROR - 执行SQL失败: INSERT INTO stock_data (code, date, open, high, low, close, preclose, volume, amount, adjustflag, turn, tradestatus, pctChg, isST) VALUES (?, ?, ?, ?, ?, ?, ?, ?, ?, ?, ?, ?, ?, ?), 参数: ('sz.300662', '2025-11-19', 28.92, 29.05, 28.0, 28.33, 28.99, 3470464, 98699649.64, 3, 1.7681, 1, -2.2766, 0), 错误: UNIQUE constraint failed: stock_data.code, stock_data.date
2025-12-02 23:33:44 - db_module - ERROR - 执行SQL失败: INSERT INTO stock_data (code, date, open, high, low, close, preclose, volume, amount, adjustflag, turn, tradestatus, pctChg, isST) VALUES (?, ?, ?, ?, ?, ?, ?, ?, ?, ?, ?, ?, ?, ?), 参数: ('sz.300662', '2025-11-20', 28.4, 28.48, 27.61, 27.72, 28.33, 2462500, 68782081.0, 3, 1.2546, 1, -2.1532, 0), 错误: UNIQUE constraint failed: stock_data.code, stock_data.date
2025-12-02 23:33:44 - db_module - ERROR - 执行SQL失败: INSERT INTO stock_data (code, date, open, high, low, close, preclose, volume, amount, adjustflag, turn, tradestatus, pctChg, isST) VALUES (?, ?, ?, ?, ?, ?, ?, ?, ?, ?, ?, ?, ?, ?), 参数: ('sz.300662', '2025-11-21', 27.47, 27.85, 26.29, 26.88, 27.72, 4959300, 133762630.88, 3, 2.5266, 1, -3.0303, 0), 错误: UNIQUE constraint failed: stock_data.code, stock_data.date
2025-12-02 23:33:44 - db_module - ERROR - 执行SQL失败: INSERT INTO stock_data (code, date, open, high, low, close, preclose, volume, amount, adjustflag, turn, tradestatus, pctChg, isST) VALUES (?, ?, ?, ?, ?, ?, ?, ?, ?, ?, ?, ?, ?, ?), 参数: ('sz.300662', '2025-11-24', 26.86, 27.7, 26.78, 27.48, 26.88, 2814007, 76889260.69, 3, 1.4336, 1, 2.2321, 0), 错误: UNIQUE constraint failed: stock_data.code, stock_data.date
2025-12-02 23:33:44 - db_module - ERROR - 执行SQL失败: INSERT INTO stock_data (code, date, open, high, low, close, preclose, volume, amount, adjustflag, turn, tradestatus, pctChg, isST) VALUES (?, ?, ?, ?, ?, ?, ?, ?, ?, ?, ?, ?, ?, ?), 参数: ('sz.300662', '2025-11-25', 27.77, 29.35, 27.77, 28.45, 27.48, 6823899, 196681205.2, 3, 3.4766, 1, 3.5298, 0), 错误: UNIQUE constraint failed: stock_data.code, stock_data.date
2025-12-02 23:33:44 - db_module - ERROR - 执行SQL失败: INSERT INTO stock_data (code, date, open, high, low, close, preclose, volume, amount, adjustflag, turn, tradestatus, pctChg, isST) VALUES (?, ?, ?, ?, ?, ?, ?, ?, ?, ?, ?, ?, ?, ?), 参数: ('sz.300662', '2025-11-26', 28.55, 28.84, 27.55, 27.55, 28.45, 4276842, 120137659.32, 3, 2.1789, 1, -3.1634, 0), 错误: UNIQUE constraint failed: stock_data.code, stock_data.date
2025-12-02 23:33:44 - db_module - ERROR - 执行SQL失败: INSERT INTO stock_data (code, date, open, high, low, close, preclose, volume, amount, adjustflag, turn, tradestatus, pctChg, isST) VALUES (?, ?, ?, ?, ?, ?, ?, ?, ?, ?, ?, ?, ?, ?), 参数: ('sz.300662', '2025-11-27', 27.56, 27.78, 27.24, 27.27, 27.55, 2656200, 73083066.0, 3, 1.3532, 1, -1.0163, 0), 错误: UNIQUE constraint failed: stock_data.code, stock_data.date
2025-12-02 23:33:44 - db_module - ERROR - 执行SQL失败: INSERT INTO stock_data (code, date, open, high, low, close, preclose, volume, amount, adjustflag, turn, tradestatus, pctChg, isST) VALUES (?, ?, ?, ?, ?, ?, ?, ?, ?, ?, ?, ?, ?, ?), 参数: ('sz.300662', '2025-11-28', 27.34, 27.8, 27.0, 27.76, 27.27, 3123000, 85694747.0, 3, 1.5911, 1, 1.7968, 0), 错误: UNIQUE constraint failed: stock_data.code, stock_data.date
2025-12-02 23:33:44 - baostock_data_fetcher - INFO - 成功将股票 sz.300662 的 0 条数据保存到数据库
2025-12-02 23:33:44 - db_module - INFO - 关闭数据库连接
2025-12-02 23:33:44 - db_module - INFO - 关闭数据库连接
2025-12-02 23:33:44 - db_module - INFO - 关闭数据库连接
2025-12-02 23:33:44 - db_module - INFO - 关闭数据库连接
2025-12-02 23:33:44 - db_module - INFO - 关闭数据库连接
2025-12-02 23:33:44 - baostock_data_fetcher - INFO - 已退出程序
2025-12-02 23:35:26 - baostock_data_fetcher - INFO - 配置加载完成: 股票代码文件路径=D:\stock_data\stock_code.csv, 数据库路径=D:\stock_data\stock_data.db
2025-12-02 23:35:26 - baostock_data_fetcher - INFO - BaoStock登录成功
2025-12-02 23:35:26 - baostock_data_fetcher - INFO - 开始获取股票列表
2025-12-02 23:35:40 - baostock_data_fetcher - INFO - 股票列表已保存到 D:\stock_data\stock_code.csv
2025-12-02 23:35:49 - baostock_data_fetcher - INFO - 获取到 7151 只股票信息
2025-12-02 23:35:49 - baostock_data_fetcher - INFO - 前五只股票为：[['sh.000001', '上证综合指数', '1991-07-15', '', '2', '1'], ['sh.000002', '上证A股指数', '1992-02-21', '', '2', '1'], ['sh.000003', '上证B股指数', '1992-08-17', '', '2', '1'], ['sh.000004', '上证工业类指数', '1993-05-03', '', '2', '1'], ['sh.000005', '上证商业类指数', '1993-05-03', '', '2', '1']]
2025-12-02 23:35:49 - baostock_data_fetcher - INFO - 开始获取股票 sz.300662 从 2025-11-01 到 2025-11-30 的历史数据
2025-12-02 23:35:50 - baostock_data_fetcher - INFO - 获取到股票 sz.300662 的 20 条历史数据
2025-12-02 23:35:50 - baostock_data_fetcher - INFO - 准备将股票 sz.300662 的数据保存到数据库: D:\stock_data\stock_data.db
2025-12-02 23:35:50 - db_module - INFO - 创建数据库连接成功: D:\stock_data\stock_data.db
2025-12-02 23:35:50 - db_module - INFO - 创建数据库连接成功: D:\stock_data\stock_data.db
2025-12-02 23:35:50 - db_module - INFO - 创建数据库连接成功: D:\stock_data\stock_data.db
2025-12-02 23:35:50 - db_module - INFO - 创建数据库连接成功: D:\stock_data\stock_data.db
2025-12-02 23:35:50 - db_module - INFO - 创建数据库连接成功: D:\stock_data\stock_data.db
2025-12-02 23:35:50 - baostock_data_fetcher - INFO - 创建股票数据表成功
2025-12-02 23:35:50 - db_module - ERROR - 执行SQL失败: INSERT INTO stock_data (code, date, open, high, low, close, preclose, volume, amount, adjustflag, turn, tradestatus, pctChg, isST) VALUES (?, ?, ?, ?, ?, ?, ?, ?, ?, ?, ?, ?, ?, ?), 参数: ('sz.300662', '2025-11-03', 29.45, 29.86, 28.97, 29.12, 29.45, 7706624, 226824734.06, 3, 3.9263, 1, -1.1205, 0), 错误: UNIQUE constraint failed: stock_data.code, stock_data.date
2025-12-02 23:35:50 - db_module - ERROR - 执行SQL失败: INSERT INTO stock_data (code, date, open, high, low, close, preclose, volume, amount, adjustflag, turn, tradestatus, pctChg, isST) VALUES (?, ?, ?, ?, ?, ?, ?, ?, ?, ?, ?, ?, ?, ?), 参数: ('sz.300662', '2025-11-04', 29.08, 29.31, 28.05, 28.46, 29.12, 5665270, 161764595.42, 3, 2.8863, 1, -2.2665, 0), 错误: UNIQUE constraint failed: stock_data.code, stock_data.date
2025-12-02 23:35:50 - db_module - ERROR - 执行SQL失败: INSERT INTO stock_data (code, date, open, high, low, close, preclose, volume, amount, adjustflag, turn, tradestatus, pctChg, isST) VALUES (?, ?, ?, ?, ?, ?, ?, ?, ?, ?, ?, ?, ?, ?), 参数: ('sz.300662', '2025-11-05', 28.2, 28.51, 28.01, 28.24, 28.46, 3997053, 112961191.59, 3, 2.0364, 1, -0.773, 0), 错误: UNIQUE constraint failed: stock_data.code, stock_data.date
2025-12-02 23:35:50 - db_module - ERROR - 执行SQL失败: INSERT INTO stock_data (code, date, open, high, low, close, preclose, volume, amount, adjustflag, turn, tradestatus, pctChg, isST) VALUES (?, ?, ?, ?, ?, ?, ?, ?, ?, ?, ?, ?, ?, ?), 参数: ('sz.300662', '2025-11-06', 28.14, 28.51, 27.98, 28.16, 28.24, 3923854, 110564162.76, 3, 1.9991, 1, -0.2833, 0), 错误: UNIQUE constraint failed: stock_data.code, stock_data.date
2025-12-02 23:35:50 - db_module - ERROR - 执行SQL失败: INSERT INTO stock_data (code, date, open, high, low, close, preclose, volume, amount, adjustflag, turn, tradestatus, pctChg, isST) VALUES (?, ?, ?, ?, ?, ?, ?, ?, ?, ?, ?, ?, ?, ?), 参数: ('sz.300662', '2025-11-07', 27.81, 28.95, 27.12, 28.32, 28.16, 8165752, 228983468.88, 3, 4.1602, 1, 0.5682, 0), 错误: UNIQUE constraint failed: stock_data.code, stock_data.date
2025-12-02 23:35:50 - db_module - ERROR - 执行SQL失败: INSERT INTO stock_data (code, date, open, high, low, close, preclose, volume, amount, adjustflag, turn, tradestatus, pctChg, isST) VALUES (?, ?, ?, ?, ?, ?, ?, ?, ?, ?, ?, ?, ?, ?), 参数: ('sz.300662', '2025-11-10', 28.2, 29.47, 28.06, 29.04, 28.32, 6285000, 181287663.0, 3, 3.202, 1, 2.5424, 0), 错误: UNIQUE constraint failed: stock_data.code, stock_data.date
2025-12-02 23:35:50 - db_module - ERROR - 执行SQL失败: INSERT INTO stock_data (code, date, open, high, low, close, preclose, volume, amount, adjustflag, turn, tradestatus, pctChg, isST) VALUES (?, ?, ?, ?, ?, ?, ?, ?, ?, ?, ?, ?, ?, ?), 参数: ('sz.300662', '2025-11-11', 29.05, 30.1, 28.83, 29.06, 29.04, 4743999, 139195084.9, 3, 2.4169, 1, 0.0689, 0), 错误: UNIQUE constraint failed: stock_data.code, stock_data.date
2025-12-02 23:35:50 - db_module - ERROR - 执行SQL失败: INSERT INTO stock_data (code, date, open, high, low, close, preclose, volume, amount, adjustflag, turn, tradestatus, pctChg, isST) VALUES (?, ?, ?, ?, ?, ?, ?, ?, ?, ?, ?, ?, ?, ?), 参数: ('sz.300662', '2025-11-12', 29.06, 29.45, 28.71, 28.91, 29.06, 3846364, 111795635.2, 3, 1.9596, 1, -0.5162, 0), 错误: UNIQUE constraint failed: stock_data.code, stock_data.date
2025-12-02 23:35:50 - db_module - ERROR - 执行SQL失败: INSERT INTO stock_data (code, date, open, high, low, close, preclose, volume, amount, adjustflag, turn, tradestatus, pctChg, isST) VALUES (?, ?, ?, ?, ?, ?, ?, ?, ?, ?, ?, ?, ?, ?), 参数: ('sz.300662', '2025-11-13', 28.9, 29.2, 28.55, 29.15, 28.91, 2767100, 80081640.0, 3, 1.4097, 1, 0.8302, 0), 错误: UNIQUE constraint failed: stock_data.code, stock_data.date
2025-12-02 23:35:50 - db_module - ERROR - 执行SQL失败: INSERT INTO stock_data (code, date, open, high, low, close, preclose, volume, amount, adjustflag, turn, tradestatus, pctChg, isST) VALUES (?, ?, ?, ?, ?, ?, ?, ?, ?, ?, ?, ?, ?, ?), 参数: ('sz.300662', '2025-11-14', 28.95, 29.19, 28.72, 28.72, 29.15, 2428100, 70151413.0, 3, 1.237, 1, -1.4751, 0), 错误: UNIQUE constraint failed: stock_data.code, stock_data.date
2025-12-02 23:35:50 - db_module - ERROR - 执行SQL失败: INSERT INTO stock_data (code, date, open, high, low, close, preclose, volume, amount, adjustflag, turn, tradestatus, pctChg, isST) VALUES (?, ?, ?, ?, ?, ?, ?, ?, ?, ?, ?, ?, ?, ?), 参数: ('sz.300662', '2025-11-17', 28.73, 29.44, 28.19, 28.94, 28.72, 3664100, 105579451.0, 3, 1.8667, 1, 0.766, 0), 错误: UNIQUE constraint failed: stock_data.code, stock_data.date
2025-12-02 23:35:50 - db_module - ERROR - 执行SQL失败: INSERT INTO stock_data (code, date, open, high, low, close, preclose, volume, amount, adjustflag, turn, tradestatus, pctChg, isST) VALUES (?, ?, ?, ?, ?, ?, ?, ?, ?, ?, ?, ?, ?, ?), 参数: ('sz.300662', '2025-11-18', 28.6, 29.36, 28.51, 28.99, 28.94, 3471800, 100339223.0, 3, 1.7688, 1, 0.1728, 0), 错误: UNIQUE constraint failed: stock_data.code, stock_data.date
2025-12-02 23:35:50 - db_module - ERROR - 执行SQL失败: INSERT INTO stock_data (code, date, open, high, low, close, preclose, volume, amount, adjustflag, turn, tradestatus, pctChg, isST) VALUES (?, ?, ?, ?, ?, ?, ?, ?, ?, ?, ?, ?, ?, ?), 参数: ('sz.300662', '2025-11-19', 28.92, 29.05, 28.0, 28.33, 28.99, 3470464, 98699649.64, 3, 1.7681, 1, -2.2766, 0), 错误: UNIQUE constraint failed: stock_data.code, stock_data.date
2025-12-02 23:35:50 - db_module - ERROR - 执行SQL失败: INSERT INTO stock_data (code, date, open, high, low, close, preclose, volume, amount, adjustflag, turn, tradestatus, pctChg, isST) VALUES (?, ?, ?, ?, ?, ?, ?, ?, ?, ?, ?, ?, ?, ?), 参数: ('sz.300662', '2025-11-20', 28.4, 28.48, 27.61, 27.72, 28.33, 2462500, 68782081.0, 3, 1.2546, 1, -2.1532, 0), 错误: UNIQUE constraint failed: stock_data.code, stock_data.date
2025-12-02 23:35:50 - db_module - ERROR - 执行SQL失败: INSERT INTO stock_data (code, date, open, high, low, close, preclose, volume, amount, adjustflag, turn, tradestatus, pctChg, isST) VALUES (?, ?, ?, ?, ?, ?, ?, ?, ?, ?, ?, ?, ?, ?), 参数: ('sz.300662', '2025-11-21', 27.47, 27.85, 26.29, 26.88, 27.72, 4959300, 133762630.88, 3, 2.5266, 1, -3.0303, 0), 错误: UNIQUE constraint failed: stock_data.code, stock_data.date
2025-12-02 23:35:50 - db_module - ERROR - 执行SQL失败: INSERT INTO stock_data (code, date, open, high, low, close, preclose, volume, amount, adjustflag, turn, tradestatus, pctChg, isST) VALUES (?, ?, ?, ?, ?, ?, ?, ?, ?, ?, ?, ?, ?, ?), 参数: ('sz.300662', '2025-11-24', 26.86, 27.7, 26.78, 27.48, 26.88, 2814007, 76889260.69, 3, 1.4336, 1, 2.2321, 0), 错误: UNIQUE constraint failed: stock_data.code, stock_data.date
2025-12-02 23:35:50 - db_module - ERROR - 执行SQL失败: INSERT INTO stock_data (code, date, open, high, low, close, preclose, volume, amount, adjustflag, turn, tradestatus, pctChg, isST) VALUES (?, ?, ?, ?, ?, ?, ?, ?, ?, ?, ?, ?, ?, ?), 参数: ('sz.300662', '2025-11-25', 27.77, 29.35, 27.77, 28.45, 27.48, 6823899, 196681205.2, 3, 3.4766, 1, 3.5298, 0), 错误: UNIQUE constraint failed: stock_data.code, stock_data.date
2025-12-02 23:35:50 - db_module - ERROR - 执行SQL失败: INSERT INTO stock_data (code, date, open, high, low, close, preclose, volume, amount, adjustflag, turn, tradestatus, pctChg, isST) VALUES (?, ?, ?, ?, ?, ?, ?, ?, ?, ?, ?, ?, ?, ?), 参数: ('sz.300662', '2025-11-26', 28.55, 28.84, 27.55, 27.55, 28.45, 4276842, 120137659.32, 3, 2.1789, 1, -3.1634, 0), 错误: UNIQUE constraint failed: stock_data.code, stock_data.date
2025-12-02 23:35:50 - db_module - ERROR - 执行SQL失败: INSERT INTO stock_data (code, date, open, high, low, close, preclose, volume, amount, adjustflag, turn, tradestatus, pctChg, isST) VALUES (?, ?, ?, ?, ?, ?, ?, ?, ?, ?, ?, ?, ?, ?), 参数: ('sz.300662', '2025-11-27', 27.56, 27.78, 27.24, 27.27, 27.55, 2656200, 73083066.0, 3, 1.3532, 1, -1.0163, 0), 错误: UNIQUE constraint failed: stock_data.code, stock_data.date
2025-12-02 23:35:50 - db_module - ERROR - 执行SQL失败: INSERT INTO stock_data (code, date, open, high, low, close, preclose, volume, amount, adjustflag, turn, tradestatus, pctChg, isST) VALUES (?, ?, ?, ?, ?, ?, ?, ?, ?, ?, ?, ?, ?, ?), 参数: ('sz.300662', '2025-11-28', 27.34, 27.8, 27.0, 27.76, 27.27, 3123000, 85694747.0, 3, 1.5911, 1, 1.7968, 0), 错误: UNIQUE constraint failed: stock_data.code, stock_data.date
2025-12-02 23:35:50 - baostock_data_fetcher - INFO - 成功将股票 sz.300662 的 0 条数据保存到数据库
2025-12-02 23:35:50 - db_module - INFO - 成功关闭 5 个数据库连接
2025-12-02 23:35:50 - baostock_data_fetcher - INFO - 已退出程序
2025-12-02 23:36:56 - baostock_data_fetcher - INFO - 配置加载完成: 股票代码文件路径=D:\stock_data\stock_code.csv, 数据库路径=D:\stock_data\stock_data.db
2025-12-02 23:36:57 - baostock_data_fetcher - INFO - BaoStock登录成功
2025-12-02 23:36:57 - baostock_data_fetcher - INFO - 开始获取股票列表
2025-12-02 23:37:07 - baostock_data_fetcher - INFO - 股票列表已保存到 D:\stock_data\stock_code.csv
2025-12-02 23:37:18 - baostock_data_fetcher - INFO - 获取到 7151 只股票信息
2025-12-02 23:37:18 - baostock_data_fetcher - INFO - 前五只股票为：[['sh.000001', '上证综合指数', '1991-07-15', '', '2', '1'], ['sh.000002', '上证A股指数', '1992-02-21', '', '2', '1'], ['sh.000003', '上证B股指数', '1992-08-17', '', '2', '1'], ['sh.000004', '上证工业类指数', '1993-05-03', '', '2', '1'], ['sh.000005', '上证商业类指数', '1993-05-03', '', '2', '1']]
2025-12-02 23:37:18 - baostock_data_fetcher - INFO - 开始获取股票 sz.300662 从 2025-11-01 到 2025-11-30 的历史数据
2025-12-02 23:37:19 - baostock_data_fetcher - INFO - 获取到股票 sz.300662 的 20 条历史数据
2025-12-02 23:37:19 - baostock_data_fetcher - INFO - 准备将股票 sz.300662 的数据保存到数据库: D:\stock_data\stock_data.db
2025-12-02 23:37:19 - db_module - INFO - 创建数据库连接成功: D:\stock_data\stock_data.db
2025-12-02 23:37:19 - db_module - INFO - 创建数据库连接成功: D:\stock_data\stock_data.db
2025-12-02 23:37:19 - db_module - INFO - 创建数据库连接成功: D:\stock_data\stock_data.db
2025-12-02 23:37:19 - db_module - INFO - 创建数据库连接成功: D:\stock_data\stock_data.db
2025-12-02 23:37:19 - db_module - INFO - 创建数据库连接成功: D:\stock_data\stock_data.db
2025-12-02 23:37:19 - baostock_data_fetcher - INFO - 创建股票数据表成功
2025-12-02 23:37:19 - db_module - ERROR - 执行SQL失败: INSERT INTO stock_data (code, date, open, high, low, close, preclose, volume, amount, adjustflag, turn, tradestatus, pctChg, isST) VALUES (?, ?, ?, ?, ?, ?, ?, ?, ?, ?, ?, ?, ?, ?), 参数: ('sz.300662', '2025-11-03', 29.45, 29.86, 28.97, 29.12, 29.45, 7706624, 226824734.06, 3, 3.9263, 1, -1.1205, 0), 错误: UNIQUE constraint failed: stock_data.code, stock_data.date
2025-12-02 23:37:19 - db_module - ERROR - 执行SQL失败: INSERT INTO stock_data (code, date, open, high, low, close, preclose, volume, amount, adjustflag, turn, tradestatus, pctChg, isST) VALUES (?, ?, ?, ?, ?, ?, ?, ?, ?, ?, ?, ?, ?, ?), 参数: ('sz.300662', '2025-11-04', 29.08, 29.31, 28.05, 28.46, 29.12, 5665270, 161764595.42, 3, 2.8863, 1, -2.2665, 0), 错误: UNIQUE constraint failed: stock_data.code, stock_data.date
2025-12-02 23:37:19 - db_module - ERROR - 执行SQL失败: INSERT INTO stock_data (code, date, open, high, low, close, preclose, volume, amount, adjustflag, turn, tradestatus, pctChg, isST) VALUES (?, ?, ?, ?, ?, ?, ?, ?, ?, ?, ?, ?, ?, ?), 参数: ('sz.300662', '2025-11-05', 28.2, 28.51, 28.01, 28.24, 28.46, 3997053, 112961191.59, 3, 2.0364, 1, -0.773, 0), 错误: UNIQUE constraint failed: stock_data.code, stock_data.date
2025-12-02 23:37:19 - db_module - ERROR - 执行SQL失败: INSERT INTO stock_data (code, date, open, high, low, close, preclose, volume, amount, adjustflag, turn, tradestatus, pctChg, isST) VALUES (?, ?, ?, ?, ?, ?, ?, ?, ?, ?, ?, ?, ?, ?), 参数: ('sz.300662', '2025-11-06', 28.14, 28.51, 27.98, 28.16, 28.24, 3923854, 110564162.76, 3, 1.9991, 1, -0.2833, 0), 错误: UNIQUE constraint failed: stock_data.code, stock_data.date
2025-12-02 23:37:19 - db_module - ERROR - 执行SQL失败: INSERT INTO stock_data (code, date, open, high, low, close, preclose, volume, amount, adjustflag, turn, tradestatus, pctChg, isST) VALUES (?, ?, ?, ?, ?, ?, ?, ?, ?, ?, ?, ?, ?, ?), 参数: ('sz.300662', '2025-11-07', 27.81, 28.95, 27.12, 28.32, 28.16, 8165752, 228983468.88, 3, 4.1602, 1, 0.5682, 0), 错误: UNIQUE constraint failed: stock_data.code, stock_data.date
2025-12-02 23:37:19 - db_module - ERROR - 执行SQL失败: INSERT INTO stock_data (code, date, open, high, low, close, preclose, volume, amount, adjustflag, turn, tradestatus, pctChg, isST) VALUES (?, ?, ?, ?, ?, ?, ?, ?, ?, ?, ?, ?, ?, ?), 参数: ('sz.300662', '2025-11-10', 28.2, 29.47, 28.06, 29.04, 28.32, 6285000, 181287663.0, 3, 3.202, 1, 2.5424, 0), 错误: UNIQUE constraint failed: stock_data.code, stock_data.date
2025-12-02 23:37:19 - db_module - ERROR - 执行SQL失败: INSERT INTO stock_data (code, date, open, high, low, close, preclose, volume, amount, adjustflag, turn, tradestatus, pctChg, isST) VALUES (?, ?, ?, ?, ?, ?, ?, ?, ?, ?, ?, ?, ?, ?), 参数: ('sz.300662', '2025-11-11', 29.05, 30.1, 28.83, 29.06, 29.04, 4743999, 139195084.9, 3, 2.4169, 1, 0.0689, 0), 错误: UNIQUE constraint failed: stock_data.code, stock_data.date
2025-12-02 23:37:19 - db_module - ERROR - 执行SQL失败: INSERT INTO stock_data (code, date, open, high, low, close, preclose, volume, amount, adjustflag, turn, tradestatus, pctChg, isST) VALUES (?, ?, ?, ?, ?, ?, ?, ?, ?, ?, ?, ?, ?, ?), 参数: ('sz.300662', '2025-11-12', 29.06, 29.45, 28.71, 28.91, 29.06, 3846364, 111795635.2, 3, 1.9596, 1, -0.5162, 0), 错误: UNIQUE constraint failed: stock_data.code, stock_data.date
2025-12-02 23:37:19 - db_module - ERROR - 执行SQL失败: INSERT INTO stock_data (code, date, open, high, low, close, preclose, volume, amount, adjustflag, turn, tradestatus, pctChg, isST) VALUES (?, ?, ?, ?, ?, ?, ?, ?, ?, ?, ?, ?, ?, ?), 参数: ('sz.300662', '2025-11-13', 28.9, 29.2, 28.55, 29.15, 28.91, 2767100, 80081640.0, 3, 1.4097, 1, 0.8302, 0), 错误: UNIQUE constraint failed: stock_data.code, stock_data.date
2025-12-02 23:37:19 - db_module - ERROR - 执行SQL失败: INSERT INTO stock_data (code, date, open, high, low, close, preclose, volume, amount, adjustflag, turn, tradestatus, pctChg, isST) VALUES (?, ?, ?, ?, ?, ?, ?, ?, ?, ?, ?, ?, ?, ?), 参数: ('sz.300662', '2025-11-14', 28.95, 29.19, 28.72, 28.72, 29.15, 2428100, 70151413.0, 3, 1.237, 1, -1.4751, 0), 错误: UNIQUE constraint failed: stock_data.code, stock_data.date
2025-12-02 23:37:19 - db_module - ERROR - 执行SQL失败: INSERT INTO stock_data (code, date, open, high, low, close, preclose, volume, amount, adjustflag, turn, tradestatus, pctChg, isST) VALUES (?, ?, ?, ?, ?, ?, ?, ?, ?, ?, ?, ?, ?, ?), 参数: ('sz.300662', '2025-11-17', 28.73, 29.44, 28.19, 28.94, 28.72, 3664100, 105579451.0, 3, 1.8667, 1, 0.766, 0), 错误: UNIQUE constraint failed: stock_data.code, stock_data.date
2025-12-02 23:37:19 - db_module - ERROR - 执行SQL失败: INSERT INTO stock_data (code, date, open, high, low, close, preclose, volume, amount, adjustflag, turn, tradestatus, pctChg, isST) VALUES (?, ?, ?, ?, ?, ?, ?, ?, ?, ?, ?, ?, ?, ?), 参数: ('sz.300662', '2025-11-18', 28.6, 29.36, 28.51, 28.99, 28.94, 3471800, 100339223.0, 3, 1.7688, 1, 0.1728, 0), 错误: UNIQUE constraint failed: stock_data.code, stock_data.date
2025-12-02 23:37:19 - db_module - ERROR - 执行SQL失败: INSERT INTO stock_data (code, date, open, high, low, close, preclose, volume, amount, adjustflag, turn, tradestatus, pctChg, isST) VALUES (?, ?, ?, ?, ?, ?, ?, ?, ?, ?, ?, ?, ?, ?), 参数: ('sz.300662', '2025-11-19', 28.92, 29.05, 28.0, 28.33, 28.99, 3470464, 98699649.64, 3, 1.7681, 1, -2.2766, 0), 错误: UNIQUE constraint failed: stock_data.code, stock_data.date
2025-12-02 23:37:19 - db_module - ERROR - 执行SQL失败: INSERT INTO stock_data (code, date, open, high, low, close, preclose, volume, amount, adjustflag, turn, tradestatus, pctChg, isST) VALUES (?, ?, ?, ?, ?, ?, ?, ?, ?, ?, ?, ?, ?, ?), 参数: ('sz.300662', '2025-11-20', 28.4, 28.48, 27.61, 27.72, 28.33, 2462500, 68782081.0, 3, 1.2546, 1, -2.1532, 0), 错误: UNIQUE constraint failed: stock_data.code, stock_data.date
2025-12-02 23:37:19 - db_module - ERROR - 执行SQL失败: INSERT INTO stock_data (code, date, open, high, low, close, preclose, volume, amount, adjustflag, turn, tradestatus, pctChg, isST) VALUES (?, ?, ?, ?, ?, ?, ?, ?, ?, ?, ?, ?, ?, ?), 参数: ('sz.300662', '2025-11-21', 27.47, 27.85, 26.29, 26.88, 27.72, 4959300, 133762630.88, 3, 2.5266, 1, -3.0303, 0), 错误: UNIQUE constraint failed: stock_data.code, stock_data.date
2025-12-02 23:37:19 - db_module - ERROR - 执行SQL失败: INSERT INTO stock_data (code, date, open, high, low, close, preclose, volume, amount, adjustflag, turn, tradestatus, pctChg, isST) VALUES (?, ?, ?, ?, ?, ?, ?, ?, ?, ?, ?, ?, ?, ?), 参数: ('sz.300662', '2025-11-24', 26.86, 27.7, 26.78, 27.48, 26.88, 2814007, 76889260.69, 3, 1.4336, 1, 2.2321, 0), 错误: UNIQUE constraint failed: stock_data.code, stock_data.date
2025-12-02 23:37:19 - db_module - ERROR - 执行SQL失败: INSERT INTO stock_data (code, date, open, high, low, close, preclose, volume, amount, adjustflag, turn, tradestatus, pctChg, isST) VALUES (?, ?, ?, ?, ?, ?, ?, ?, ?, ?, ?, ?, ?, ?), 参数: ('sz.300662', '2025-11-25', 27.77, 29.35, 27.77, 28.45, 27.48, 6823899, 196681205.2, 3, 3.4766, 1, 3.5298, 0), 错误: UNIQUE constraint failed: stock_data.code, stock_data.date
2025-12-02 23:37:19 - db_module - ERROR - 执行SQL失败: INSERT INTO stock_data (code, date, open, high, low, close, preclose, volume, amount, adjustflag, turn, tradestatus, pctChg, isST) VALUES (?, ?, ?, ?, ?, ?, ?, ?, ?, ?, ?, ?, ?, ?), 参数: ('sz.300662', '2025-11-26', 28.55, 28.84, 27.55, 27.55, 28.45, 4276842, 120137659.32, 3, 2.1789, 1, -3.1634, 0), 错误: UNIQUE constraint failed: stock_data.code, stock_data.date
2025-12-02 23:37:19 - db_module - ERROR - 执行SQL失败: INSERT INTO stock_data (code, date, open, high, low, close, preclose, volume, amount, adjustflag, turn, tradestatus, pctChg, isST) VALUES (?, ?, ?, ?, ?, ?, ?, ?, ?, ?, ?, ?, ?, ?), 参数: ('sz.300662', '2025-11-27', 27.56, 27.78, 27.24, 27.27, 27.55, 2656200, 73083066.0, 3, 1.3532, 1, -1.0163, 0), 错误: UNIQUE constraint failed: stock_data.code, stock_data.date
2025-12-02 23:37:19 - db_module - ERROR - 执行SQL失败: INSERT INTO stock_data (code, date, open, high, low, close, preclose, volume, amount, adjustflag, turn, tradestatus, pctChg, isST) VALUES (?, ?, ?, ?, ?, ?, ?, ?, ?, ?, ?, ?, ?, ?), 参数: ('sz.300662', '2025-11-28', 27.34, 27.8, 27.0, 27.76, 27.27, 3123000, 85694747.0, 3, 1.5911, 1, 1.7968, 0), 错误: UNIQUE constraint failed: stock_data.code, stock_data.date
2025-12-02 23:37:19 - baostock_data_fetcher - INFO - 成功将股票 sz.300662 的 0 条数据保存到数据库
2025-12-02 23:37:19 - db_module - INFO - 成功关闭 5 个数据库连接
2025-12-02 23:37:19 - baostock_data_fetcher - INFO - 已退出程序
2025-12-02 23:49:21 - baostock_data_fetcher - INFO - 配置加载完成: 股票代码文件路径=D:\stock_data\stock_code.csv, 数据库路径=D:\stock_data\stock_data.db
2025-12-02 23:49:22 - baostock_data_fetcher - INFO - BaoStock登录成功
2025-12-02 23:49:22 - baostock_data_fetcher - INFO - 开始获取股票列表
2025-12-02 23:49:32 - baostock_data_fetcher - INFO - 股票列表已保存到 D:\stock_data\stock_code.csv
2025-12-02 23:49:43 - baostock_data_fetcher - INFO - 获取到 7151 只股票信息
2025-12-02 23:49:43 - __main__ - INFO - 前五只股票为：[['sh.000001', '上证综合指数', '1991-07-15', '', '2', '1'], ['sh.000002', '上证A股指数', '1992-02-21', '', '2', '1'], ['sh.000003', '上证B股指数', '1992-08-17', '', '2', '1'], ['sh.000004', '上证工业类指数', '1993-05-03', '', '2', '1'], ['sh.000005', '上证商业类指数', '1993-05-03', '', '2', '1']]
2025-12-02 23:49:43 - baostock_data_fetcher - INFO - 开始获取股票 sz.300662 从 2025-11-01 到 2025-11-30 的历史数据
2025-12-02 23:49:43 - baostock_data_fetcher - INFO - 获取到股票 sz.300662 的 20 条历史数据
2025-12-02 23:49:43 - baostock_data_fetcher - INFO - 准备将股票 sz.300662 的数据保存到数据库: D:\stock_data\stock_data.db
2025-12-02 23:49:43 - db_module - INFO - 创建数据库连接成功: D:\stock_data\stock_data.db
2025-12-02 23:49:43 - db_module - INFO - 创建数据库连接成功: D:\stock_data\stock_data.db
2025-12-02 23:49:43 - db_module - INFO - 创建数据库连接成功: D:\stock_data\stock_data.db
2025-12-02 23:49:43 - db_module - INFO - 创建数据库连接成功: D:\stock_data\stock_data.db
2025-12-02 23:49:43 - db_module - INFO - 创建数据库连接成功: D:\stock_data\stock_data.db
2025-12-02 23:49:43 - baostock_data_fetcher - INFO - 创建股票数据表成功
2025-12-02 23:49:43 - db_module - ERROR - 执行SQL失败: INSERT INTO stock_data (code, date, open, high, low, close, preclose, volume, amount, adjustflag, turn, tradestatus, pctChg, isST) VALUES (?, ?, ?, ?, ?, ?, ?, ?, ?, ?, ?, ?, ?, ?), 参数: ('sz.300662', '2025-11-03', 29.45, 29.86, 28.97, 29.12, 29.45, 7706624, 226824734.06, 3, 3.9263, 1, -1.1205, 0), 错误: UNIQUE constraint failed: stock_data.code, stock_data.date
2025-12-02 23:49:43 - db_module - ERROR - 执行SQL失败: INSERT INTO stock_data (code, date, open, high, low, close, preclose, volume, amount, adjustflag, turn, tradestatus, pctChg, isST) VALUES (?, ?, ?, ?, ?, ?, ?, ?, ?, ?, ?, ?, ?, ?), 参数: ('sz.300662', '2025-11-04', 29.08, 29.31, 28.05, 28.46, 29.12, 5665270, 161764595.42, 3, 2.8863, 1, -2.2665, 0), 错误: UNIQUE constraint failed: stock_data.code, stock_data.date
2025-12-02 23:49:43 - db_module - ERROR - 执行SQL失败: INSERT INTO stock_data (code, date, open, high, low, close, preclose, volume, amount, adjustflag, turn, tradestatus, pctChg, isST) VALUES (?, ?, ?, ?, ?, ?, ?, ?, ?, ?, ?, ?, ?, ?), 参数: ('sz.300662', '2025-11-05', 28.2, 28.51, 28.01, 28.24, 28.46, 3997053, 112961191.59, 3, 2.0364, 1, -0.773, 0), 错误: UNIQUE constraint failed: stock_data.code, stock_data.date
2025-12-02 23:49:43 - db_module - ERROR - 执行SQL失败: INSERT INTO stock_data (code, date, open, high, low, close, preclose, volume, amount, adjustflag, turn, tradestatus, pctChg, isST) VALUES (?, ?, ?, ?, ?, ?, ?, ?, ?, ?, ?, ?, ?, ?), 参数: ('sz.300662', '2025-11-06', 28.14, 28.51, 27.98, 28.16, 28.24, 3923854, 110564162.76, 3, 1.9991, 1, -0.2833, 0), 错误: UNIQUE constraint failed: stock_data.code, stock_data.date
2025-12-02 23:49:43 - db_module - ERROR - 执行SQL失败: INSERT INTO stock_data (code, date, open, high, low, close, preclose, volume, amount, adjustflag, turn, tradestatus, pctChg, isST) VALUES (?, ?, ?, ?, ?, ?, ?, ?, ?, ?, ?, ?, ?, ?), 参数: ('sz.300662', '2025-11-07', 27.81, 28.95, 27.12, 28.32, 28.16, 8165752, 228983468.88, 3, 4.1602, 1, 0.5682, 0), 错误: UNIQUE constraint failed: stock_data.code, stock_data.date
2025-12-02 23:49:43 - db_module - ERROR - 执行SQL失败: INSERT INTO stock_data (code, date, open, high, low, close, preclose, volume, amount, adjustflag, turn, tradestatus, pctChg, isST) VALUES (?, ?, ?, ?, ?, ?, ?, ?, ?, ?, ?, ?, ?, ?), 参数: ('sz.300662', '2025-11-10', 28.2, 29.47, 28.06, 29.04, 28.32, 6285000, 181287663.0, 3, 3.202, 1, 2.5424, 0), 错误: UNIQUE constraint failed: stock_data.code, stock_data.date
2025-12-02 23:49:43 - db_module - ERROR - 执行SQL失败: INSERT INTO stock_data (code, date, open, high, low, close, preclose, volume, amount, adjustflag, turn, tradestatus, pctChg, isST) VALUES (?, ?, ?, ?, ?, ?, ?, ?, ?, ?, ?, ?, ?, ?), 参数: ('sz.300662', '2025-11-11', 29.05, 30.1, 28.83, 29.06, 29.04, 4743999, 139195084.9, 3, 2.4169, 1, 0.0689, 0), 错误: UNIQUE constraint failed: stock_data.code, stock_data.date
2025-12-02 23:49:43 - db_module - ERROR - 执行SQL失败: INSERT INTO stock_data (code, date, open, high, low, close, preclose, volume, amount, adjustflag, turn, tradestatus, pctChg, isST) VALUES (?, ?, ?, ?, ?, ?, ?, ?, ?, ?, ?, ?, ?, ?), 参数: ('sz.300662', '2025-11-12', 29.06, 29.45, 28.71, 28.91, 29.06, 3846364, 111795635.2, 3, 1.9596, 1, -0.5162, 0), 错误: UNIQUE constraint failed: stock_data.code, stock_data.date
2025-12-02 23:49:43 - db_module - ERROR - 执行SQL失败: INSERT INTO stock_data (code, date, open, high, low, close, preclose, volume, amount, adjustflag, turn, tradestatus, pctChg, isST) VALUES (?, ?, ?, ?, ?, ?, ?, ?, ?, ?, ?, ?, ?, ?), 参数: ('sz.300662', '2025-11-13', 28.9, 29.2, 28.55, 29.15, 28.91, 2767100, 80081640.0, 3, 1.4097, 1, 0.8302, 0), 错误: UNIQUE constraint failed: stock_data.code, stock_data.date
2025-12-02 23:49:43 - db_module - ERROR - 执行SQL失败: INSERT INTO stock_data (code, date, open, high, low, close, preclose, volume, amount, adjustflag, turn, tradestatus, pctChg, isST) VALUES (?, ?, ?, ?, ?, ?, ?, ?, ?, ?, ?, ?, ?, ?), 参数: ('sz.300662', '2025-11-14', 28.95, 29.19, 28.72, 28.72, 29.15, 2428100, 70151413.0, 3, 1.237, 1, -1.4751, 0), 错误: UNIQUE constraint failed: stock_data.code, stock_data.date
2025-12-02 23:49:43 - db_module - ERROR - 执行SQL失败: INSERT INTO stock_data (code, date, open, high, low, close, preclose, volume, amount, adjustflag, turn, tradestatus, pctChg, isST) VALUES (?, ?, ?, ?, ?, ?, ?, ?, ?, ?, ?, ?, ?, ?), 参数: ('sz.300662', '2025-11-17', 28.73, 29.44, 28.19, 28.94, 28.72, 3664100, 105579451.0, 3, 1.8667, 1, 0.766, 0), 错误: UNIQUE constraint failed: stock_data.code, stock_data.date
2025-12-02 23:49:43 - db_module - ERROR - 执行SQL失败: INSERT INTO stock_data (code, date, open, high, low, close, preclose, volume, amount, adjustflag, turn, tradestatus, pctChg, isST) VALUES (?, ?, ?, ?, ?, ?, ?, ?, ?, ?, ?, ?, ?, ?), 参数: ('sz.300662', '2025-11-18', 28.6, 29.36, 28.51, 28.99, 28.94, 3471800, 100339223.0, 3, 1.7688, 1, 0.1728, 0), 错误: UNIQUE constraint failed: stock_data.code, stock_data.date
2025-12-02 23:49:43 - db_module - ERROR - 执行SQL失败: INSERT INTO stock_data (code, date, open, high, low, close, preclose, volume, amount, adjustflag, turn, tradestatus, pctChg, isST) VALUES (?, ?, ?, ?, ?, ?, ?, ?, ?, ?, ?, ?, ?, ?), 参数: ('sz.300662', '2025-11-19', 28.92, 29.05, 28.0, 28.33, 28.99, 3470464, 98699649.64, 3, 1.7681, 1, -2.2766, 0), 错误: UNIQUE constraint failed: stock_data.code, stock_data.date
2025-12-02 23:49:43 - db_module - ERROR - 执行SQL失败: INSERT INTO stock_data (code, date, open, high, low, close, preclose, volume, amount, adjustflag, turn, tradestatus, pctChg, isST) VALUES (?, ?, ?, ?, ?, ?, ?, ?, ?, ?, ?, ?, ?, ?), 参数: ('sz.300662', '2025-11-20', 28.4, 28.48, 27.61, 27.72, 28.33, 2462500, 68782081.0, 3, 1.2546, 1, -2.1532, 0), 错误: UNIQUE constraint failed: stock_data.code, stock_data.date
2025-12-02 23:49:43 - db_module - ERROR - 执行SQL失败: INSERT INTO stock_data (code, date, open, high, low, close, preclose, volume, amount, adjustflag, turn, tradestatus, pctChg, isST) VALUES (?, ?, ?, ?, ?, ?, ?, ?, ?, ?, ?, ?, ?, ?), 参数: ('sz.300662', '2025-11-21', 27.47, 27.85, 26.29, 26.88, 27.72, 4959300, 133762630.88, 3, 2.5266, 1, -3.0303, 0), 错误: UNIQUE constraint failed: stock_data.code, stock_data.date
2025-12-02 23:49:43 - db_module - ERROR - 执行SQL失败: INSERT INTO stock_data (code, date, open, high, low, close, preclose, volume, amount, adjustflag, turn, tradestatus, pctChg, isST) VALUES (?, ?, ?, ?, ?, ?, ?, ?, ?, ?, ?, ?, ?, ?), 参数: ('sz.300662', '2025-11-24', 26.86, 27.7, 26.78, 27.48, 26.88, 2814007, 76889260.69, 3, 1.4336, 1, 2.2321, 0), 错误: UNIQUE constraint failed: stock_data.code, stock_data.date
2025-12-02 23:49:43 - db_module - ERROR - 执行SQL失败: INSERT INTO stock_data (code, date, open, high, low, close, preclose, volume, amount, adjustflag, turn, tradestatus, pctChg, isST) VALUES (?, ?, ?, ?, ?, ?, ?, ?, ?, ?, ?, ?, ?, ?), 参数: ('sz.300662', '2025-11-25', 27.77, 29.35, 27.77, 28.45, 27.48, 6823899, 196681205.2, 3, 3.4766, 1, 3.5298, 0), 错误: UNIQUE constraint failed: stock_data.code, stock_data.date
2025-12-02 23:49:43 - db_module - ERROR - 执行SQL失败: INSERT INTO stock_data (code, date, open, high, low, close, preclose, volume, amount, adjustflag, turn, tradestatus, pctChg, isST) VALUES (?, ?, ?, ?, ?, ?, ?, ?, ?, ?, ?, ?, ?, ?), 参数: ('sz.300662', '2025-11-26', 28.55, 28.84, 27.55, 27.55, 28.45, 4276842, 120137659.32, 3, 2.1789, 1, -3.1634, 0), 错误: UNIQUE constraint failed: stock_data.code, stock_data.date
2025-12-02 23:49:43 - db_module - ERROR - 执行SQL失败: INSERT INTO stock_data (code, date, open, high, low, close, preclose, volume, amount, adjustflag, turn, tradestatus, pctChg, isST) VALUES (?, ?, ?, ?, ?, ?, ?, ?, ?, ?, ?, ?, ?, ?), 参数: ('sz.300662', '2025-11-27', 27.56, 27.78, 27.24, 27.27, 27.55, 2656200, 73083066.0, 3, 1.3532, 1, -1.0163, 0), 错误: UNIQUE constraint failed: stock_data.code, stock_data.date
2025-12-02 23:49:43 - db_module - ERROR - 执行SQL失败: INSERT INTO stock_data (code, date, open, high, low, close, preclose, volume, amount, adjustflag, turn, tradestatus, pctChg, isST) VALUES (?, ?, ?, ?, ?, ?, ?, ?, ?, ?, ?, ?, ?, ?), 参数: ('sz.300662', '2025-11-28', 27.34, 27.8, 27.0, 27.76, 27.27, 3123000, 85694747.0, 3, 1.5911, 1, 1.7968, 0), 错误: UNIQUE constraint failed: stock_data.code, stock_data.date
2025-12-02 23:49:43 - baostock_data_fetcher - INFO - 成功将股票 sz.300662 的 0 条数据保存到数据库
2025-12-02 23:49:43 - db_module - INFO - 成功关闭 5 个数据库连接
2025-12-02 23:49:43 - __main__ - INFO - 已退出程序
2025-12-04 23:35:29 - baostock_data_fetcher - INFO - 配置加载完成: 股票代码文件路径=D:\stock_data\stock_code.csv, 数据库路径=D:\stock_data\stock_data.db
2025-12-04 23:35:33 - baostock_data_fetcher - INFO - BaoStock登录成功
2025-12-04 23:35:33 - baostock_data_fetcher - INFO - 开始获取股票列表
2025-12-04 23:35:38 - baostock_data_fetcher - INFO - 股票列表已保存到 D:\stock_data\stock_code.csv
2025-12-04 23:35:44 - baostock_data_fetcher - INFO - 获取到 7152 只股票信息
2025-12-04 23:35:44 - __main__ - INFO - 前五只股票为：[['sh.000001', '上证综合指数', '1991-07-15', '', '2', '1'], ['sh.000002', '上证A股指数', '1992-02-21', '', '2', '1'], ['sh.000003', '上证B股指数', '1992-08-17', '', '2', '1'], ['sh.000004', '上证工业类指数', '1993-05-03', '', '2', '1'], ['sh.000005', '上证商业类指数', '1993-05-03', '', '2', '1']]
2025-12-04 23:35:44 - baostock_data_fetcher - INFO - 开始获取股票 sz.300662 从 2025-11-01 到 2025-11-30 的历史数据
2025-12-04 23:35:45 - baostock_data_fetcher - INFO - 获取到股票 sz.300662 的 20 条历史数据
2025-12-04 23:35:45 - baostock_data_fetcher - INFO - 准备将股票 sz.300662 的数据保存到数据库: D:\stock_data\stock_data.db
2025-12-04 23:35:45 - db_module - INFO - 创建数据库连接成功: D:\stock_data\stock_data.db
2025-12-04 23:35:45 - db_module - INFO - 创建数据库连接成功: D:\stock_data\stock_data.db
2025-12-04 23:35:45 - db_module - INFO - 创建数据库连接成功: D:\stock_data\stock_data.db
2025-12-04 23:35:45 - db_module - INFO - 创建数据库连接成功: D:\stock_data\stock_data.db
2025-12-04 23:35:45 - db_module - INFO - 创建数据库连接成功: D:\stock_data\stock_data.db
2025-12-04 23:35:45 - baostock_data_fetcher - INFO - 创建股票数据表成功
2025-12-04 23:35:45 - db_module - ERROR - 执行SQL失败: INSERT INTO stock_data (code, date, open, high, low, close, preclose, volume, amount, adjustflag, turn, tradestatus, pctChg, isST) VALUES (?, ?, ?, ?, ?, ?, ?, ?, ?, ?, ?, ?, ?, ?), 参数: ('sz.300662', '2025-11-03', 29.45, 29.86, 28.97, 29.12, 29.45, 7706624, 226824734.06, 3, 3.9263, 1, -1.1205, 0), 错误: UNIQUE constraint failed: stock_data.code, stock_data.date
2025-12-04 23:35:45 - db_module - ERROR - 执行SQL失败: INSERT INTO stock_data (code, date, open, high, low, close, preclose, volume, amount, adjustflag, turn, tradestatus, pctChg, isST) VALUES (?, ?, ?, ?, ?, ?, ?, ?, ?, ?, ?, ?, ?, ?), 参数: ('sz.300662', '2025-11-04', 29.08, 29.31, 28.05, 28.46, 29.12, 5665270, 161764595.42, 3, 2.8863, 1, -2.2665, 0), 错误: UNIQUE constraint failed: stock_data.code, stock_data.date
2025-12-04 23:35:45 - db_module - ERROR - 执行SQL失败: INSERT INTO stock_data (code, date, open, high, low, close, preclose, volume, amount, adjustflag, turn, tradestatus, pctChg, isST) VALUES (?, ?, ?, ?, ?, ?, ?, ?, ?, ?, ?, ?, ?, ?), 参数: ('sz.300662', '2025-11-05', 28.2, 28.51, 28.01, 28.24, 28.46, 3997053, 112961191.59, 3, 2.0364, 1, -0.773, 0), 错误: UNIQUE constraint failed: stock_data.code, stock_data.date
2025-12-04 23:35:45 - db_module - ERROR - 执行SQL失败: INSERT INTO stock_data (code, date, open, high, low, close, preclose, volume, amount, adjustflag, turn, tradestatus, pctChg, isST) VALUES (?, ?, ?, ?, ?, ?, ?, ?, ?, ?, ?, ?, ?, ?), 参数: ('sz.300662', '2025-11-06', 28.14, 28.51, 27.98, 28.16, 28.24, 3923854, 110564162.76, 3, 1.9991, 1, -0.2833, 0), 错误: UNIQUE constraint failed: stock_data.code, stock_data.date
2025-12-04 23:35:45 - db_module - ERROR - 执行SQL失败: INSERT INTO stock_data (code, date, open, high, low, close, preclose, volume, amount, adjustflag, turn, tradestatus, pctChg, isST) VALUES (?, ?, ?, ?, ?, ?, ?, ?, ?, ?, ?, ?, ?, ?), 参数: ('sz.300662', '2025-11-07', 27.81, 28.95, 27.12, 28.32, 28.16, 8165752, 228983468.88, 3, 4.1602, 1, 0.5682, 0), 错误: UNIQUE constraint failed: stock_data.code, stock_data.date
2025-12-04 23:35:45 - db_module - ERROR - 执行SQL失败: INSERT INTO stock_data (code, date, open, high, low, close, preclose, volume, amount, adjustflag, turn, tradestatus, pctChg, isST) VALUES (?, ?, ?, ?, ?, ?, ?, ?, ?, ?, ?, ?, ?, ?), 参数: ('sz.300662', '2025-11-10', 28.2, 29.47, 28.06, 29.04, 28.32, 6285000, 181287663.0, 3, 3.202, 1, 2.5424, 0), 错误: UNIQUE constraint failed: stock_data.code, stock_data.date
2025-12-04 23:35:45 - db_module - ERROR - 执行SQL失败: INSERT INTO stock_data (code, date, open, high, low, close, preclose, volume, amount, adjustflag, turn, tradestatus, pctChg, isST) VALUES (?, ?, ?, ?, ?, ?, ?, ?, ?, ?, ?, ?, ?, ?), 参数: ('sz.300662', '2025-11-11', 29.05, 30.1, 28.83, 29.06, 29.04, 4743999, 139195084.9, 3, 2.4169, 1, 0.0689, 0), 错误: UNIQUE constraint failed: stock_data.code, stock_data.date
2025-12-04 23:35:45 - db_module - ERROR - 执行SQL失败: INSERT INTO stock_data (code, date, open, high, low, close, preclose, volume, amount, adjustflag, turn, tradestatus, pctChg, isST) VALUES (?, ?, ?, ?, ?, ?, ?, ?, ?, ?, ?, ?, ?, ?), 参数: ('sz.300662', '2025-11-12', 29.06, 29.45, 28.71, 28.91, 29.06, 3846364, 111795635.2, 3, 1.9596, 1, -0.5162, 0), 错误: UNIQUE constraint failed: stock_data.code, stock_data.date
2025-12-04 23:35:45 - db_module - ERROR - 执行SQL失败: INSERT INTO stock_data (code, date, open, high, low, close, preclose, volume, amount, adjustflag, turn, tradestatus, pctChg, isST) VALUES (?, ?, ?, ?, ?, ?, ?, ?, ?, ?, ?, ?, ?, ?), 参数: ('sz.300662', '2025-11-13', 28.9, 29.2, 28.55, 29.15, 28.91, 2767100, 80081640.0, 3, 1.4097, 1, 0.8302, 0), 错误: UNIQUE constraint failed: stock_data.code, stock_data.date
2025-12-04 23:35:45 - db_module - ERROR - 执行SQL失败: INSERT INTO stock_data (code, date, open, high, low, close, preclose, volume, amount, adjustflag, turn, tradestatus, pctChg, isST) VALUES (?, ?, ?, ?, ?, ?, ?, ?, ?, ?, ?, ?, ?, ?), 参数: ('sz.300662', '2025-11-14', 28.95, 29.19, 28.72, 28.72, 29.15, 2428100, 70151413.0, 3, 1.237, 1, -1.4751, 0), 错误: UNIQUE constraint failed: stock_data.code, stock_data.date
2025-12-04 23:35:45 - db_module - ERROR - 执行SQL失败: INSERT INTO stock_data (code, date, open, high, low, close, preclose, volume, amount, adjustflag, turn, tradestatus, pctChg, isST) VALUES (?, ?, ?, ?, ?, ?, ?, ?, ?, ?, ?, ?, ?, ?), 参数: ('sz.300662', '2025-11-17', 28.73, 29.44, 28.19, 28.94, 28.72, 3664100, 105579451.0, 3, 1.8667, 1, 0.766, 0), 错误: UNIQUE constraint failed: stock_data.code, stock_data.date
2025-12-04 23:35:45 - db_module - ERROR - 执行SQL失败: INSERT INTO stock_data (code, date, open, high, low, close, preclose, volume, amount, adjustflag, turn, tradestatus, pctChg, isST) VALUES (?, ?, ?, ?, ?, ?, ?, ?, ?, ?, ?, ?, ?, ?), 参数: ('sz.300662', '2025-11-18', 28.6, 29.36, 28.51, 28.99, 28.94, 3471800, 100339223.0, 3, 1.7688, 1, 0.1728, 0), 错误: UNIQUE constraint failed: stock_data.code, stock_data.date
2025-12-04 23:35:45 - db_module - ERROR - 执行SQL失败: INSERT INTO stock_data (code, date, open, high, low, close, preclose, volume, amount, adjustflag, turn, tradestatus, pctChg, isST) VALUES (?, ?, ?, ?, ?, ?, ?, ?, ?, ?, ?, ?, ?, ?), 参数: ('sz.300662', '2025-11-19', 28.92, 29.05, 28.0, 28.33, 28.99, 3470464, 98699649.64, 3, 1.7681, 1, -2.2766, 0), 错误: UNIQUE constraint failed: stock_data.code, stock_data.date
2025-12-04 23:35:45 - db_module - ERROR - 执行SQL失败: INSERT INTO stock_data (code, date, open, high, low, close, preclose, volume, amount, adjustflag, turn, tradestatus, pctChg, isST) VALUES (?, ?, ?, ?, ?, ?, ?, ?, ?, ?, ?, ?, ?, ?), 参数: ('sz.300662', '2025-11-20', 28.4, 28.48, 27.61, 27.72, 28.33, 2462500, 68782081.0, 3, 1.2546, 1, -2.1532, 0), 错误: UNIQUE constraint failed: stock_data.code, stock_data.date
2025-12-04 23:35:45 - db_module - ERROR - 执行SQL失败: INSERT INTO stock_data (code, date, open, high, low, close, preclose, volume, amount, adjustflag, turn, tradestatus, pctChg, isST) VALUES (?, ?, ?, ?, ?, ?, ?, ?, ?, ?, ?, ?, ?, ?), 参数: ('sz.300662', '2025-11-21', 27.47, 27.85, 26.29, 26.88, 27.72, 4959300, 133762630.88, 3, 2.5266, 1, -3.0303, 0), 错误: UNIQUE constraint failed: stock_data.code, stock_data.date
2025-12-04 23:35:45 - db_module - ERROR - 执行SQL失败: INSERT INTO stock_data (code, date, open, high, low, close, preclose, volume, amount, adjustflag, turn, tradestatus, pctChg, isST) VALUES (?, ?, ?, ?, ?, ?, ?, ?, ?, ?, ?, ?, ?, ?), 参数: ('sz.300662', '2025-11-24', 26.86, 27.7, 26.78, 27.48, 26.88, 2814007, 76889260.69, 3, 1.4336, 1, 2.2321, 0), 错误: UNIQUE constraint failed: stock_data.code, stock_data.date
2025-12-04 23:35:45 - db_module - ERROR - 执行SQL失败: INSERT INTO stock_data (code, date, open, high, low, close, preclose, volume, amount, adjustflag, turn, tradestatus, pctChg, isST) VALUES (?, ?, ?, ?, ?, ?, ?, ?, ?, ?, ?, ?, ?, ?), 参数: ('sz.300662', '2025-11-25', 27.77, 29.35, 27.77, 28.45, 27.48, 6823899, 196681205.2, 3, 3.4766, 1, 3.5298, 0), 错误: UNIQUE constraint failed: stock_data.code, stock_data.date
2025-12-04 23:35:45 - db_module - ERROR - 执行SQL失败: INSERT INTO stock_data (code, date, open, high, low, close, preclose, volume, amount, adjustflag, turn, tradestatus, pctChg, isST) VALUES (?, ?, ?, ?, ?, ?, ?, ?, ?, ?, ?, ?, ?, ?), 参数: ('sz.300662', '2025-11-26', 28.55, 28.84, 27.55, 27.55, 28.45, 4276842, 120137659.32, 3, 2.1789, 1, -3.1634, 0), 错误: UNIQUE constraint failed: stock_data.code, stock_data.date
2025-12-04 23:35:45 - db_module - ERROR - 执行SQL失败: INSERT INTO stock_data (code, date, open, high, low, close, preclose, volume, amount, adjustflag, turn, tradestatus, pctChg, isST) VALUES (?, ?, ?, ?, ?, ?, ?, ?, ?, ?, ?, ?, ?, ?), 参数: ('sz.300662', '2025-11-27', 27.56, 27.78, 27.24, 27.27, 27.55, 2656200, 73083066.0, 3, 1.3532, 1, -1.0163, 0), 错误: UNIQUE constraint failed: stock_data.code, stock_data.date
2025-12-04 23:35:45 - db_module - ERROR - 执行SQL失败: INSERT INTO stock_data (code, date, open, high, low, close, preclose, volume, amount, adjustflag, turn, tradestatus, pctChg, isST) VALUES (?, ?, ?, ?, ?, ?, ?, ?, ?, ?, ?, ?, ?, ?), 参数: ('sz.300662', '2025-11-28', 27.34, 27.8, 27.0, 27.76, 27.27, 3123000, 85694747.0, 3, 1.5911, 1, 1.7968, 0), 错误: UNIQUE constraint failed: stock_data.code, stock_data.date
2025-12-04 23:35:45 - baostock_data_fetcher - INFO - 成功将股票 sz.300662 的 0 条数据保存到数据库
2025-12-04 23:35:45 - db_module - INFO - 成功关闭 5 个数据库连接
2025-12-04 23:35:45 - __main__ - INFO - 已退出程序
